log file: logs/241129-133203.log
--------------------------------------------------------------------------------
Config 1 (totally 1 configs)
No.1 training process of 5
>>> dataset: restaurant
>>> output_dir: output
>>> SRD: 5
>>> learning_rate: 3e-05
>>> use_unique_bert: True
>>> use_bert_spc: False
>>> local_context_focus: fusion
>>> num_train_epochs: 5.0
>>> train_batch_size: 16
>>> dropout: 0.0
>>> max_seq_length: 80
>>> eval_batch_size: 32
>>> eval_steps: 20
>>> gradient_accumulation_steps: 1
>>> config_path: experiments.json
>>> device: cpu
>>> seed: 1
>>> bert_model: bert-base-uncased
>>> data_dir: atepc_datasets/restaurant
***** Running training *****
  Num examples = 3545
  Batch size = 16
  Num steps = 1105
################################################################################
Train 1 Epoch1
################################################################################
################################################################################
Train 1 Epoch2
################################################################################
################################################################################
Train 1 Epoch3
################################################################################
################################################################################
Train 1 Epoch4
################################################################################
********************************************************************************
Train 1 Epoch4, Evaluate for atepc_datasets/restaurant
APC_test_acc: 82.95(max: 82.95)  APC_test_f1: 70.95(max: 70.95)
Emotion_test_acc: 88.16(max: 88.16) Emotion_test_f1: 65.66(max: 65.66)
********************************************************************************
********************************************************************************
Train 1 Epoch4, Evaluate for atepc_datasets/restaurant
APC_test_acc: 84.18(max: 84.18)  APC_test_f1: 72.06(max: 72.06)
Emotion_test_acc: 89.26(max: 89.26) Emotion_test_f1: 71.97(max: 71.97)
********************************************************************************
********************************************************************************
Train 1 Epoch4, Evaluate for atepc_datasets/restaurant
APC_test_acc: 83.71(max: 84.18)  APC_test_f1: 70.86(max: 72.06)
Emotion_test_acc: 89.17(max: 89.26) Emotion_test_f1: 70.78(max: 71.97)
********************************************************************************
********************************************************************************
Train 1 Epoch4, Evaluate for atepc_datasets/restaurant
APC_test_acc: 84.18(max: 84.18)  APC_test_f1: 73.58(max: 73.58)
Emotion_test_acc: 87.9(max: 89.26) Emotion_test_f1: 71.57(max: 71.97)
********************************************************************************
********************************************************************************
Train 1 Epoch4, Evaluate for atepc_datasets/restaurant
APC_test_acc: 85.03(max: 85.03)  APC_test_f1: 74.82(max: 74.82)
Emotion_test_acc: 88.58(max: 89.26) Emotion_test_f1: 72.78(max: 72.78)
********************************************************************************
********************************************************************************
Train 1 Epoch4, Evaluate for atepc_datasets/restaurant
APC_test_acc: 85.19(max: 85.19)  APC_test_f1: 75.13(max: 75.13)
Emotion_test_acc: 88.49(max: 89.26) Emotion_test_f1: 72.37(max: 72.78)
********************************************************************************
********************************************************************************
Train 1 Epoch4, Evaluate for atepc_datasets/restaurant
APC_test_acc: 83.97(max: 85.19)  APC_test_f1: 73.64(max: 75.13)
Emotion_test_acc: 87.9(max: 89.26) Emotion_test_f1: 72.32(max: 72.78)
********************************************************************************
********************************************************************************
Train 1 Epoch4, Evaluate for atepc_datasets/restaurant
APC_test_acc: 82.61(max: 85.19)  APC_test_f1: 73.29(max: 75.13)
Emotion_test_acc: 86.21(max: 89.26) Emotion_test_f1: 67.5(max: 72.78)
********************************************************************************
********************************************************************************
Train 1 Epoch4, Evaluate for atepc_datasets/restaurant
APC_test_acc: 84.69(max: 85.19)  APC_test_f1: 72.53(max: 75.13)
Emotion_test_acc: 90.02(max: 90.02) Emotion_test_f1: 72.3(max: 72.78)
********************************************************************************
********************************************************************************
Train 1 Epoch4, Evaluate for atepc_datasets/restaurant
APC_test_acc: 85.53(max: 85.53)  APC_test_f1: 73.65(max: 75.13)
Emotion_test_acc: 90.02(max: 90.02) Emotion_test_f1: 76.07(max: 76.07)
********************************************************************************
********************************************************************************
Train 1 Epoch4, Evaluate for atepc_datasets/restaurant
APC_test_acc: 81.64(max: 85.53)  APC_test_f1: 73.65(max: 75.13)
Emotion_test_acc: 83.67(max: 90.02) Emotion_test_f1: 68.04(max: 76.07)
********************************************************************************
################################################################################
Train 1 Epoch5
################################################################################
********************************************************************************
Train 1 Epoch5, Evaluate for atepc_datasets/restaurant
APC_test_acc: 85.15(max: 85.53)  APC_test_f1: 73.11(max: 75.13)
Emotion_test_acc: 89.85(max: 90.02) Emotion_test_f1: 73.06(max: 76.07)
********************************************************************************
********************************************************************************
Train 1 Epoch5, Evaluate for atepc_datasets/restaurant
APC_test_acc: 83.25(max: 85.53)  APC_test_f1: 72.09(max: 75.13)
Emotion_test_acc: 88.49(max: 90.02) Emotion_test_f1: 72.07(max: 76.07)
********************************************************************************
********************************************************************************
Train 1 Epoch5, Evaluate for atepc_datasets/restaurant
APC_test_acc: 84.77(max: 85.53)  APC_test_f1: 73.51(max: 75.13)
Emotion_test_acc: 89.68(max: 90.02) Emotion_test_f1: 74.43(max: 76.07)
********************************************************************************
********************************************************************************
Train 1 Epoch5, Evaluate for atepc_datasets/restaurant
APC_test_acc: 85.74(max: 85.74)  APC_test_f1: 74.87(max: 75.13)
Emotion_test_acc: 89.76(max: 90.02) Emotion_test_f1: 75.04(max: 76.07)
********************************************************************************
********************************************************************************
Train 1 Epoch5, Evaluate for atepc_datasets/restaurant
APC_test_acc: 83.76(max: 85.74)  APC_test_f1: 71.51(max: 75.13)
Emotion_test_acc: 88.58(max: 90.02) Emotion_test_f1: 73.31(max: 76.07)
********************************************************************************
********************************************************************************
Train 1 Epoch5, Evaluate for atepc_datasets/restaurant
APC_test_acc: 84.48(max: 85.74)  APC_test_f1: 74.05(max: 75.13)
Emotion_test_acc: 87.9(max: 90.02) Emotion_test_f1: 72.28(max: 76.07)
********************************************************************************
********************************************************************************
Train 1 Epoch5, Evaluate for atepc_datasets/restaurant
APC_test_acc: 82.7(max: 85.74)  APC_test_f1: 72.07(max: 75.13)
Emotion_test_acc: 88.16(max: 90.02) Emotion_test_f1: 72.39(max: 76.07)
********************************************************************************
********************************************************************************
Train 1 Epoch5, Evaluate for atepc_datasets/restaurant
APC_test_acc: 83.59(max: 85.74)  APC_test_f1: 70.05(max: 75.13)
Emotion_test_acc: 89.76(max: 90.02) Emotion_test_f1: 76.09(max: 76.09)
********************************************************************************
********************************************************************************
Train 1 Epoch5, Evaluate for atepc_datasets/restaurant
APC_test_acc: 85.11(max: 85.74)  APC_test_f1: 73.38(max: 75.13)
Emotion_test_acc: 89.51(max: 90.02) Emotion_test_f1: 75.95(max: 76.09)
********************************************************************************
********************************************************************************
Train 1 Epoch5, Evaluate for atepc_datasets/restaurant
APC_test_acc: 85.58(max: 85.74)  APC_test_f1: 73.73(max: 75.13)
Emotion_test_acc: 89.68(max: 90.02) Emotion_test_f1: 76.75(max: 76.75)
********************************************************************************
********************************************************************************
Train 1 Epoch5, Evaluate for atepc_datasets/restaurant
APC_test_acc: 82.83(max: 85.74)  APC_test_f1: 73.54(max: 75.13)
Emotion_test_acc: 87.31(max: 90.02) Emotion_test_f1: 73.36(max: 76.75)
********************************************************************************
max_apc_test_acc: 85.74	max_apc_test_f1: 75.13 	max_emotion_test_acc: 90.02	max_emotion_test_f1: 76.75
No.2 training process of 5
>>> dataset: restaurant
>>> output_dir: output
>>> SRD: 5
>>> learning_rate: 3e-05
>>> use_unique_bert: True
>>> use_bert_spc: False
>>> local_context_focus: fusion
>>> num_train_epochs: 5.0
>>> train_batch_size: 16
>>> dropout: 0.0
>>> max_seq_length: 80
>>> eval_batch_size: 32
>>> eval_steps: 20
>>> gradient_accumulation_steps: 1
>>> config_path: experiments.json
>>> device: cpu
>>> seed: 2
>>> bert_model: bert-base-uncased
>>> data_dir: atepc_datasets/restaurant
***** Running training *****
  Num examples = 3545
  Batch size = 16
  Num steps = 1105
################################################################################
Train 2 Epoch1
################################################################################
################################################################################
Train 2 Epoch2
################################################################################
################################################################################
Train 2 Epoch3
################################################################################
################################################################################
Train 2 Epoch4
################################################################################
********************************************************************************
Train 2 Epoch4, Evaluate for atepc_datasets/restaurant
APC_test_acc: 82.83(max: 82.83)  APC_test_f1: 71.65(max: 71.65)
Emotion_test_acc: 87.56(max: 87.56) Emotion_test_f1: 61.08(max: 61.08)
********************************************************************************
********************************************************************************
Train 2 Epoch4, Evaluate for atepc_datasets/restaurant
APC_test_acc: 83.33(max: 83.33)  APC_test_f1: 71.99(max: 71.99)
Emotion_test_acc: 88.32(max: 88.32) Emotion_test_f1: 71.19(max: 71.19)
********************************************************************************
********************************************************************************
Train 2 Epoch4, Evaluate for atepc_datasets/restaurant
APC_test_acc: 84.77(max: 84.77)  APC_test_f1: 73.57(max: 73.57)
Emotion_test_acc: 89.42(max: 89.42) Emotion_test_f1: 69.08(max: 71.19)
********************************************************************************
********************************************************************************
Train 2 Epoch4, Evaluate for atepc_datasets/restaurant
APC_test_acc: 85.41(max: 85.41)  APC_test_f1: 74.26(max: 74.26)
Emotion_test_acc: 89.09(max: 89.42) Emotion_test_f1: 67.61(max: 71.19)
********************************************************************************
********************************************************************************
Train 2 Epoch4, Evaluate for atepc_datasets/restaurant
APC_test_acc: 84.98(max: 85.41)  APC_test_f1: 73.31(max: 74.26)
Emotion_test_acc: 89.26(max: 89.42) Emotion_test_f1: 71.11(max: 71.19)
********************************************************************************
********************************************************************************
Train 2 Epoch4, Evaluate for atepc_datasets/restaurant
APC_test_acc: 85.66(max: 85.66)  APC_test_f1: 76.64(max: 76.64)
Emotion_test_acc: 88.58(max: 89.42) Emotion_test_f1: 71.91(max: 71.91)
********************************************************************************
********************************************************************************
Train 2 Epoch4, Evaluate for atepc_datasets/restaurant
APC_test_acc: 84.48(max: 85.66)  APC_test_f1: 73.73(max: 76.64)
Emotion_test_acc: 88.66(max: 89.42) Emotion_test_f1: 71.12(max: 71.91)
********************************************************************************
********************************************************************************
Train 2 Epoch4, Evaluate for atepc_datasets/restaurant
APC_test_acc: 82.11(max: 85.66)  APC_test_f1: 71.18(max: 76.64)
Emotion_test_acc: 87.06(max: 89.42) Emotion_test_f1: 69.4(max: 71.91)
********************************************************************************
********************************************************************************
Train 2 Epoch4, Evaluate for atepc_datasets/restaurant
APC_test_acc: 85.32(max: 85.66)  APC_test_f1: 72.98(max: 76.64)
Emotion_test_acc: 90.36(max: 90.36) Emotion_test_f1: 73.15(max: 73.15)
********************************************************************************
********************************************************************************
Train 2 Epoch4, Evaluate for atepc_datasets/restaurant
APC_test_acc: 85.7(max: 85.7)  APC_test_f1: 75.67(max: 76.64)
Emotion_test_acc: 89.59(max: 90.36) Emotion_test_f1: 73.88(max: 73.88)
********************************************************************************
********************************************************************************
Train 2 Epoch4, Evaluate for atepc_datasets/restaurant
APC_test_acc: 82.45(max: 85.7)  APC_test_f1: 74.35(max: 76.64)
Emotion_test_acc: 83.93(max: 90.36) Emotion_test_f1: 66.93(max: 73.88)
********************************************************************************
################################################################################
Train 2 Epoch5
################################################################################
********************************************************************************
Train 2 Epoch5, Evaluate for atepc_datasets/restaurant
APC_test_acc: 85.11(max: 85.7)  APC_test_f1: 74.14(max: 76.64)
Emotion_test_acc: 89.0(max: 90.36) Emotion_test_f1: 73.36(max: 73.88)
********************************************************************************
********************************************************************************
Train 2 Epoch5, Evaluate for atepc_datasets/restaurant
APC_test_acc: 85.07(max: 85.7)  APC_test_f1: 73.58(max: 76.64)
Emotion_test_acc: 89.17(max: 90.36) Emotion_test_f1: 73.02(max: 73.88)
********************************************************************************
********************************************************************************
Train 2 Epoch5, Evaluate for atepc_datasets/restaurant
APC_test_acc: 85.15(max: 85.7)  APC_test_f1: 75.19(max: 76.64)
Emotion_test_acc: 88.41(max: 90.36) Emotion_test_f1: 72.61(max: 73.88)
********************************************************************************
********************************************************************************
Train 2 Epoch5, Evaluate for atepc_datasets/restaurant
APC_test_acc: 85.36(max: 85.7)  APC_test_f1: 75.3(max: 76.64)
Emotion_test_acc: 88.66(max: 90.36) Emotion_test_f1: 70.19(max: 73.88)
********************************************************************************
********************************************************************************
Train 2 Epoch5, Evaluate for atepc_datasets/restaurant
APC_test_acc: 84.48(max: 85.7)  APC_test_f1: 76.08(max: 76.64)
Emotion_test_acc: 87.14(max: 90.36) Emotion_test_f1: 72.1(max: 73.88)
********************************************************************************
********************************************************************************
Train 2 Epoch5, Evaluate for atepc_datasets/restaurant
APC_test_acc: 85.15(max: 85.7)  APC_test_f1: 76.66(max: 76.66)
Emotion_test_acc: 87.39(max: 90.36) Emotion_test_f1: 71.73(max: 73.88)
********************************************************************************
********************************************************************************
Train 2 Epoch5, Evaluate for atepc_datasets/restaurant
APC_test_acc: 84.43(max: 85.7)  APC_test_f1: 75.91(max: 76.66)
Emotion_test_acc: 88.16(max: 90.36) Emotion_test_f1: 73.78(max: 73.88)
********************************************************************************
********************************************************************************
Train 2 Epoch5, Evaluate for atepc_datasets/restaurant
APC_test_acc: 84.56(max: 85.7)  APC_test_f1: 73.92(max: 76.66)
Emotion_test_acc: 88.58(max: 90.36) Emotion_test_f1: 72.66(max: 73.88)
********************************************************************************
********************************************************************************
Train 2 Epoch5, Evaluate for atepc_datasets/restaurant
APC_test_acc: 85.7(max: 85.7)  APC_test_f1: 75.42(max: 76.66)
Emotion_test_acc: 90.02(max: 90.36) Emotion_test_f1: 76.78(max: 76.78)
********************************************************************************
********************************************************************************
Train 2 Epoch5, Evaluate for atepc_datasets/restaurant
APC_test_acc: 86.04(max: 86.04)  APC_test_f1: 75.73(max: 76.66)
Emotion_test_acc: 89.68(max: 90.36) Emotion_test_f1: 75.9(max: 76.78)
********************************************************************************
********************************************************************************
Train 2 Epoch5, Evaluate for atepc_datasets/restaurant
APC_test_acc: 83.29(max: 86.04)  APC_test_f1: 74.46(max: 76.66)
Emotion_test_acc: 86.13(max: 90.36) Emotion_test_f1: 72.04(max: 76.78)
********************************************************************************
max_apc_test_acc: 86.04	max_apc_test_f1: 76.66 	max_emotion_test_acc: 90.36	max_emotion_test_f1: 76.78
No.3 training process of 5
>>> dataset: restaurant
>>> output_dir: output
>>> SRD: 5
>>> learning_rate: 3e-05
>>> use_unique_bert: True
>>> use_bert_spc: False
>>> local_context_focus: fusion
>>> num_train_epochs: 5.0
>>> train_batch_size: 16
>>> dropout: 0.0
>>> max_seq_length: 80
>>> eval_batch_size: 32
>>> eval_steps: 20
>>> gradient_accumulation_steps: 1
>>> config_path: experiments.json
>>> device: cpu
>>> seed: 3
>>> bert_model: bert-base-uncased
>>> data_dir: atepc_datasets/restaurant
***** Running training *****
  Num examples = 3545
  Batch size = 16
  Num steps = 1105
################################################################################
Train 3 Epoch1
################################################################################
################################################################################
Train 3 Epoch2
################################################################################
################################################################################
Train 3 Epoch3
################################################################################
################################################################################
Train 3 Epoch4
################################################################################
********************************************************************************
Train 3 Epoch4, Evaluate for atepc_datasets/restaurant
APC_test_acc: 83.67(max: 83.67)  APC_test_f1: 71.91(max: 71.91)
Emotion_test_acc: 87.99(max: 87.99) Emotion_test_f1: 62.54(max: 62.54)
********************************************************************************
********************************************************************************
Train 3 Epoch4, Evaluate for atepc_datasets/restaurant
APC_test_acc: 82.53(max: 83.67)  APC_test_f1: 71.84(max: 71.91)
Emotion_test_acc: 87.31(max: 87.99) Emotion_test_f1: 69.39(max: 69.39)
********************************************************************************
********************************************************************************
Train 3 Epoch4, Evaluate for atepc_datasets/restaurant
APC_test_acc: 84.14(max: 84.14)  APC_test_f1: 73.16(max: 73.16)
Emotion_test_acc: 87.99(max: 87.99) Emotion_test_f1: 64.8(max: 69.39)
********************************************************************************
********************************************************************************
Train 3 Epoch4, Evaluate for atepc_datasets/restaurant
APC_test_acc: 84.98(max: 84.98)  APC_test_f1: 73.91(max: 73.91)
Emotion_test_acc: 88.66(max: 88.66) Emotion_test_f1: 64.31(max: 69.39)
********************************************************************************
********************************************************************************
Train 3 Epoch4, Evaluate for atepc_datasets/restaurant
APC_test_acc: 84.48(max: 84.98)  APC_test_f1: 73.79(max: 73.91)
Emotion_test_acc: 89.0(max: 89.0) Emotion_test_f1: 71.88(max: 71.88)
********************************************************************************
********************************************************************************
Train 3 Epoch4, Evaluate for atepc_datasets/restaurant
APC_test_acc: 84.48(max: 84.98)  APC_test_f1: 74.19(max: 74.19)
Emotion_test_acc: 88.49(max: 89.0) Emotion_test_f1: 71.12(max: 71.88)
********************************************************************************
********************************************************************************
Train 3 Epoch4, Evaluate for atepc_datasets/restaurant
APC_test_acc: 83.08(max: 84.98)  APC_test_f1: 72.76(max: 74.19)
Emotion_test_acc: 87.9(max: 89.0) Emotion_test_f1: 70.87(max: 71.88)
********************************************************************************
********************************************************************************
Train 3 Epoch4, Evaluate for atepc_datasets/restaurant
APC_test_acc: 84.48(max: 84.98)  APC_test_f1: 74.25(max: 74.25)
Emotion_test_acc: 89.09(max: 89.09) Emotion_test_f1: 72.43(max: 72.43)
********************************************************************************
********************************************************************************
Train 3 Epoch4, Evaluate for atepc_datasets/restaurant
APC_test_acc: 84.94(max: 84.98)  APC_test_f1: 73.03(max: 74.25)
Emotion_test_acc: 89.17(max: 89.17) Emotion_test_f1: 70.96(max: 72.43)
********************************************************************************
********************************************************************************
Train 3 Epoch4, Evaluate for atepc_datasets/restaurant
APC_test_acc: 84.94(max: 84.98)  APC_test_f1: 73.98(max: 74.25)
Emotion_test_acc: 88.07(max: 89.17) Emotion_test_f1: 69.07(max: 72.43)
********************************************************************************
********************************************************************************
Train 3 Epoch4, Evaluate for atepc_datasets/restaurant
APC_test_acc: 83.8(max: 84.98)  APC_test_f1: 75.37(max: 75.37)
Emotion_test_acc: 85.79(max: 89.17) Emotion_test_f1: 68.8(max: 72.43)
********************************************************************************
################################################################################
Train 3 Epoch5
################################################################################
********************************************************************************
Train 3 Epoch5, Evaluate for atepc_datasets/restaurant
APC_test_acc: 84.31(max: 84.98)  APC_test_f1: 73.54(max: 75.37)
Emotion_test_acc: 87.99(max: 89.17) Emotion_test_f1: 69.03(max: 72.43)
********************************************************************************
********************************************************************************
Train 3 Epoch5, Evaluate for atepc_datasets/restaurant
APC_test_acc: 83.59(max: 84.98)  APC_test_f1: 71.72(max: 75.37)
Emotion_test_acc: 87.73(max: 89.17) Emotion_test_f1: 70.97(max: 72.43)
********************************************************************************
********************************************************************************
Train 3 Epoch5, Evaluate for atepc_datasets/restaurant
APC_test_acc: 85.03(max: 85.03)  APC_test_f1: 74.27(max: 75.37)
Emotion_test_acc: 88.58(max: 89.17) Emotion_test_f1: 72.62(max: 72.62)
********************************************************************************
********************************************************************************
Train 3 Epoch5, Evaluate for atepc_datasets/restaurant
APC_test_acc: 85.79(max: 85.79)  APC_test_f1: 76.17(max: 76.17)
Emotion_test_acc: 88.83(max: 89.17) Emotion_test_f1: 71.67(max: 72.62)
********************************************************************************
********************************************************************************
Train 3 Epoch5, Evaluate for atepc_datasets/restaurant
APC_test_acc: 85.19(max: 85.79)  APC_test_f1: 74.8(max: 76.17)
Emotion_test_acc: 88.92(max: 89.17) Emotion_test_f1: 74.59(max: 74.59)
********************************************************************************
********************************************************************************
Train 3 Epoch5, Evaluate for atepc_datasets/restaurant
APC_test_acc: 84.56(max: 85.79)  APC_test_f1: 75.51(max: 76.17)
Emotion_test_acc: 86.72(max: 89.17) Emotion_test_f1: 69.87(max: 74.59)
********************************************************************************
********************************************************************************
Train 3 Epoch5, Evaluate for atepc_datasets/restaurant
APC_test_acc: 83.76(max: 85.79)  APC_test_f1: 74.79(max: 76.17)
Emotion_test_acc: 86.63(max: 89.17) Emotion_test_f1: 71.28(max: 74.59)
********************************************************************************
********************************************************************************
Train 3 Epoch5, Evaluate for atepc_datasets/restaurant
APC_test_acc: 82.83(max: 85.79)  APC_test_f1: 70.31(max: 76.17)
Emotion_test_acc: 87.06(max: 89.17) Emotion_test_f1: 70.44(max: 74.59)
********************************************************************************
********************************************************************************
Train 3 Epoch5, Evaluate for atepc_datasets/restaurant
APC_test_acc: 84.52(max: 85.79)  APC_test_f1: 73.73(max: 76.17)
Emotion_test_acc: 88.24(max: 89.17) Emotion_test_f1: 72.88(max: 74.59)
********************************************************************************
********************************************************************************
Train 3 Epoch5, Evaluate for atepc_datasets/restaurant
APC_test_acc: 85.87(max: 85.87)  APC_test_f1: 74.16(max: 76.17)
Emotion_test_acc: 90.27(max: 90.27) Emotion_test_f1: 75.77(max: 75.77)
********************************************************************************
********************************************************************************
Train 3 Epoch5, Evaluate for atepc_datasets/restaurant
APC_test_acc: 82.15(max: 85.87)  APC_test_f1: 73.63(max: 76.17)
Emotion_test_acc: 84.94(max: 90.27) Emotion_test_f1: 69.87(max: 75.77)
********************************************************************************
max_apc_test_acc: 86.04	max_apc_test_f1: 76.66 	max_emotion_test_acc: 90.36	max_emotion_test_f1: 76.78
No.4 training process of 5
>>> dataset: restaurant
>>> output_dir: output
>>> SRD: 5
>>> learning_rate: 3e-05
>>> use_unique_bert: True
>>> use_bert_spc: False
>>> local_context_focus: fusion
>>> num_train_epochs: 5.0
>>> train_batch_size: 16
>>> dropout: 0.0
>>> max_seq_length: 80
>>> eval_batch_size: 32
>>> eval_steps: 20
>>> gradient_accumulation_steps: 1
>>> config_path: experiments.json
>>> device: cpu
>>> seed: 4
>>> bert_model: bert-base-uncased
>>> data_dir: atepc_datasets/restaurant
***** Running training *****
  Num examples = 3545
  Batch size = 16
  Num steps = 1105
################################################################################
Train 4 Epoch1
################################################################################
################################################################################
Train 4 Epoch2
################################################################################
################################################################################
Train 4 Epoch3
################################################################################
################################################################################
Train 4 Epoch4
################################################################################
********************************************************************************
Train 4 Epoch4, Evaluate for atepc_datasets/restaurant
APC_test_acc: 82.83(max: 82.83)  APC_test_f1: 71.92(max: 71.92)
Emotion_test_acc: 87.99(max: 87.99) Emotion_test_f1: 66.62(max: 66.62)
********************************************************************************
********************************************************************************
Train 4 Epoch4, Evaluate for atepc_datasets/restaurant
APC_test_acc: 82.66(max: 82.83)  APC_test_f1: 69.81(max: 71.92)
Emotion_test_acc: 88.49(max: 88.49) Emotion_test_f1: 70.95(max: 70.95)
********************************************************************************
********************************************************************************
Train 4 Epoch4, Evaluate for atepc_datasets/restaurant
APC_test_acc: 85.19(max: 85.19)  APC_test_f1: 74.95(max: 74.95)
Emotion_test_acc: 89.26(max: 89.26) Emotion_test_f1: 69.42(max: 70.95)
********************************************************************************
********************************************************************************
Train 4 Epoch4, Evaluate for atepc_datasets/restaurant
APC_test_acc: 84.69(max: 85.19)  APC_test_f1: 74.72(max: 74.95)
Emotion_test_acc: 88.07(max: 89.26) Emotion_test_f1: 65.59(max: 70.95)
********************************************************************************
********************************************************************************
Train 4 Epoch4, Evaluate for atepc_datasets/restaurant
APC_test_acc: 84.48(max: 85.19)  APC_test_f1: 75.34(max: 75.34)
Emotion_test_acc: 87.82(max: 89.26) Emotion_test_f1: 68.92(max: 70.95)
********************************************************************************
********************************************************************************
Train 4 Epoch4, Evaluate for atepc_datasets/restaurant
APC_test_acc: 84.18(max: 85.19)  APC_test_f1: 74.99(max: 75.34)
Emotion_test_acc: 87.06(max: 89.26) Emotion_test_f1: 70.9(max: 70.95)
********************************************************************************
********************************************************************************
Train 4 Epoch4, Evaluate for atepc_datasets/restaurant
APC_test_acc: 82.66(max: 85.19)  APC_test_f1: 71.17(max: 75.34)
Emotion_test_acc: 88.58(max: 89.26) Emotion_test_f1: 71.76(max: 71.76)
********************************************************************************
********************************************************************************
Train 4 Epoch4, Evaluate for atepc_datasets/restaurant
APC_test_acc: 82.74(max: 85.19)  APC_test_f1: 72.92(max: 75.34)
Emotion_test_acc: 86.89(max: 89.26) Emotion_test_f1: 68.57(max: 71.76)
********************************************************************************
********************************************************************************
Train 4 Epoch4, Evaluate for atepc_datasets/restaurant
APC_test_acc: 85.49(max: 85.49)  APC_test_f1: 73.26(max: 75.34)
Emotion_test_acc: 90.36(max: 90.36) Emotion_test_f1: 74.08(max: 74.08)
********************************************************************************
********************************************************************************
Train 4 Epoch4, Evaluate for atepc_datasets/restaurant
APC_test_acc: 84.81(max: 85.49)  APC_test_f1: 72.05(max: 75.34)
Emotion_test_acc: 89.26(max: 90.36) Emotion_test_f1: 72.26(max: 74.08)
********************************************************************************
********************************************************************************
Train 4 Epoch4, Evaluate for atepc_datasets/restaurant
APC_test_acc: 82.57(max: 85.49)  APC_test_f1: 73.43(max: 75.34)
Emotion_test_acc: 85.87(max: 90.36) Emotion_test_f1: 69.43(max: 74.08)
********************************************************************************
################################################################################
Train 4 Epoch5
################################################################################
********************************************************************************
Train 4 Epoch5, Evaluate for atepc_datasets/restaurant
APC_test_acc: 82.57(max: 85.49)  APC_test_f1: 69.77(max: 75.34)
Emotion_test_acc: 89.51(max: 90.36) Emotion_test_f1: 72.74(max: 74.08)
********************************************************************************
********************************************************************************
Train 4 Epoch5, Evaluate for atepc_datasets/restaurant
APC_test_acc: 84.48(max: 85.49)  APC_test_f1: 72.95(max: 75.34)
Emotion_test_acc: 89.51(max: 90.36) Emotion_test_f1: 72.99(max: 74.08)
********************************************************************************
********************************************************************************
Train 4 Epoch5, Evaluate for atepc_datasets/restaurant
APC_test_acc: 84.18(max: 85.49)  APC_test_f1: 73.59(max: 75.34)
Emotion_test_acc: 88.58(max: 90.36) Emotion_test_f1: 70.41(max: 74.08)
********************************************************************************
********************************************************************************
Train 4 Epoch5, Evaluate for atepc_datasets/restaurant
APC_test_acc: 84.31(max: 85.49)  APC_test_f1: 72.46(max: 75.34)
Emotion_test_acc: 88.92(max: 90.36) Emotion_test_f1: 73.34(max: 74.08)
********************************************************************************
********************************************************************************
Train 4 Epoch5, Evaluate for atepc_datasets/restaurant
APC_test_acc: 84.01(max: 85.49)  APC_test_f1: 72.73(max: 75.34)
Emotion_test_acc: 88.24(max: 90.36) Emotion_test_f1: 72.69(max: 74.08)
********************************************************************************
********************************************************************************
Train 4 Epoch5, Evaluate for atepc_datasets/restaurant
APC_test_acc: 85.19(max: 85.49)  APC_test_f1: 75.9(max: 75.9)
Emotion_test_acc: 88.16(max: 90.36) Emotion_test_f1: 73.15(max: 74.08)
********************************************************************************
********************************************************************************
Train 4 Epoch5, Evaluate for atepc_datasets/restaurant
APC_test_acc: 83.54(max: 85.49)  APC_test_f1: 74.67(max: 75.9)
Emotion_test_acc: 86.63(max: 90.36) Emotion_test_f1: 70.65(max: 74.08)
********************************************************************************
********************************************************************************
Train 4 Epoch5, Evaluate for atepc_datasets/restaurant
APC_test_acc: 83.97(max: 85.49)  APC_test_f1: 73.2(max: 75.9)
Emotion_test_acc: 88.58(max: 90.36) Emotion_test_f1: 75.14(max: 75.14)
********************************************************************************
********************************************************************************
Train 4 Epoch5, Evaluate for atepc_datasets/restaurant
APC_test_acc: 85.15(max: 85.49)  APC_test_f1: 73.09(max: 75.9)
Emotion_test_acc: 89.51(max: 90.36) Emotion_test_f1: 75.01(max: 75.14)
********************************************************************************
********************************************************************************
Train 4 Epoch5, Evaluate for atepc_datasets/restaurant
APC_test_acc: 85.15(max: 85.49)  APC_test_f1: 73.36(max: 75.9)
Emotion_test_acc: 89.26(max: 90.36) Emotion_test_f1: 74.31(max: 75.14)
********************************************************************************
********************************************************************************
Train 4 Epoch5, Evaluate for atepc_datasets/restaurant
APC_test_acc: 80.92(max: 85.49)  APC_test_f1: 72.1(max: 75.9)
Emotion_test_acc: 83.67(max: 90.36) Emotion_test_f1: 68.23(max: 75.14)
********************************************************************************
max_apc_test_acc: 86.04	max_apc_test_f1: 76.66 	max_emotion_test_acc: 90.36	max_emotion_test_f1: 76.78
No.5 training process of 5
>>> dataset: restaurant
>>> output_dir: output
>>> SRD: 5
>>> learning_rate: 3e-05
>>> use_unique_bert: True
>>> use_bert_spc: False
>>> local_context_focus: fusion
>>> num_train_epochs: 5.0
>>> train_batch_size: 16
>>> dropout: 0.0
>>> max_seq_length: 80
>>> eval_batch_size: 32
>>> eval_steps: 20
>>> gradient_accumulation_steps: 1
>>> config_path: experiments.json
>>> device: cpu
>>> seed: 5
>>> bert_model: bert-base-uncased
>>> data_dir: atepc_datasets/restaurant
***** Running training *****
  Num examples = 3545
  Batch size = 16
  Num steps = 1105
################################################################################
Train 5 Epoch1
################################################################################
################################################################################
Train 5 Epoch2
################################################################################
################################################################################
Train 5 Epoch3
################################################################################
################################################################################
Train 5 Epoch4
################################################################################
********************************************************************************
Train 5 Epoch4, Evaluate for atepc_datasets/restaurant
APC_test_acc: 81.85(max: 81.85)  APC_test_f1: 68.52(max: 68.52)
Emotion_test_acc: 87.65(max: 87.65) Emotion_test_f1: 62.43(max: 62.43)
********************************************************************************
********************************************************************************
Train 5 Epoch4, Evaluate for atepc_datasets/restaurant
APC_test_acc: 83.33(max: 83.33)  APC_test_f1: 70.94(max: 70.94)
Emotion_test_acc: 88.16(max: 88.16) Emotion_test_f1: 70.8(max: 70.8)
********************************************************************************
********************************************************************************
Train 5 Epoch4, Evaluate for atepc_datasets/restaurant
APC_test_acc: 83.54(max: 83.54)  APC_test_f1: 72.83(max: 72.83)
Emotion_test_acc: 87.14(max: 88.16) Emotion_test_f1: 67.76(max: 70.8)
********************************************************************************
********************************************************************************
Train 5 Epoch4, Evaluate for atepc_datasets/restaurant
APC_test_acc: 82.19(max: 83.54)  APC_test_f1: 69.4(max: 72.83)
Emotion_test_acc: 85.79(max: 88.16) Emotion_test_f1: 66.59(max: 70.8)
********************************************************************************
********************************************************************************
Train 5 Epoch4, Evaluate for atepc_datasets/restaurant
APC_test_acc: 84.69(max: 84.69)  APC_test_f1: 73.04(max: 73.04)
Emotion_test_acc: 89.34(max: 89.34) Emotion_test_f1: 72.53(max: 72.53)
********************************************************************************
********************************************************************************
Train 5 Epoch4, Evaluate for atepc_datasets/restaurant
APC_test_acc: 83.54(max: 84.69)  APC_test_f1: 73.05(max: 73.05)
Emotion_test_acc: 88.07(max: 89.34) Emotion_test_f1: 72.78(max: 72.78)
********************************************************************************
********************************************************************************
Train 5 Epoch4, Evaluate for atepc_datasets/restaurant
APC_test_acc: 82.87(max: 84.69)  APC_test_f1: 72.21(max: 73.05)
Emotion_test_acc: 87.31(max: 89.34) Emotion_test_f1: 71.35(max: 72.78)
********************************************************************************
********************************************************************************
Train 5 Epoch4, Evaluate for atepc_datasets/restaurant
APC_test_acc: 82.83(max: 84.69)  APC_test_f1: 71.68(max: 73.05)
Emotion_test_acc: 86.8(max: 89.34) Emotion_test_f1: 68.62(max: 72.78)
********************************************************************************
********************************************************************************
Train 5 Epoch4, Evaluate for atepc_datasets/restaurant
APC_test_acc: 85.11(max: 85.11)  APC_test_f1: 73.64(max: 73.64)
Emotion_test_acc: 89.34(max: 89.34) Emotion_test_f1: 73.44(max: 73.44)
********************************************************************************
********************************************************************************
Train 5 Epoch4, Evaluate for atepc_datasets/restaurant
APC_test_acc: 84.94(max: 85.11)  APC_test_f1: 73.01(max: 73.64)
Emotion_test_acc: 89.85(max: 89.85) Emotion_test_f1: 74.94(max: 74.94)
********************************************************************************
********************************************************************************
Train 5 Epoch4, Evaluate for atepc_datasets/restaurant
APC_test_acc: 82.83(max: 85.11)  APC_test_f1: 72.51(max: 73.64)
Emotion_test_acc: 86.46(max: 89.85) Emotion_test_f1: 69.78(max: 74.94)
********************************************************************************
################################################################################
Train 5 Epoch5
################################################################################
********************************************************************************
Train 5 Epoch5, Evaluate for atepc_datasets/restaurant
APC_test_acc: 83.71(max: 85.11)  APC_test_f1: 72.67(max: 73.64)
Emotion_test_acc: 88.49(max: 89.85) Emotion_test_f1: 73.08(max: 74.94)
********************************************************************************
********************************************************************************
Train 5 Epoch5, Evaluate for atepc_datasets/restaurant
APC_test_acc: 83.08(max: 85.11)  APC_test_f1: 73.12(max: 73.64)
Emotion_test_acc: 86.46(max: 89.85) Emotion_test_f1: 70.48(max: 74.94)
********************************************************************************
********************************************************************************
Train 5 Epoch5, Evaluate for atepc_datasets/restaurant
APC_test_acc: 84.01(max: 85.11)  APC_test_f1: 72.29(max: 73.64)
Emotion_test_acc: 89.09(max: 89.85) Emotion_test_f1: 75.5(max: 75.5)
********************************************************************************
********************************************************************************
Train 5 Epoch5, Evaluate for atepc_datasets/restaurant
APC_test_acc: 82.49(max: 85.11)  APC_test_f1: 70.43(max: 73.64)
Emotion_test_acc: 87.9(max: 89.85) Emotion_test_f1: 73.88(max: 75.5)
********************************************************************************
********************************************************************************
Train 5 Epoch5, Evaluate for atepc_datasets/restaurant
APC_test_acc: 83.67(max: 85.11)  APC_test_f1: 72.55(max: 73.64)
Emotion_test_acc: 88.41(max: 89.85) Emotion_test_f1: 75.74(max: 75.74)
********************************************************************************
********************************************************************************
Train 5 Epoch5, Evaluate for atepc_datasets/restaurant
APC_test_acc: 83.67(max: 85.11)  APC_test_f1: 72.35(max: 73.64)
Emotion_test_acc: 87.39(max: 89.85) Emotion_test_f1: 72.9(max: 75.74)
********************************************************************************
********************************************************************************
Train 5 Epoch5, Evaluate for atepc_datasets/restaurant
APC_test_acc: 84.26(max: 85.11)  APC_test_f1: 73.75(max: 73.75)
Emotion_test_acc: 88.24(max: 89.85) Emotion_test_f1: 74.66(max: 75.74)
********************************************************************************
********************************************************************************
Train 5 Epoch5, Evaluate for atepc_datasets/restaurant
APC_test_acc: 83.59(max: 85.11)  APC_test_f1: 72.85(max: 73.75)
Emotion_test_acc: 87.82(max: 89.85) Emotion_test_f1: 71.35(max: 75.74)
********************************************************************************
********************************************************************************
Train 5 Epoch5, Evaluate for atepc_datasets/restaurant
APC_test_acc: 84.52(max: 85.11)  APC_test_f1: 73.18(max: 73.75)
Emotion_test_acc: 89.17(max: 89.85) Emotion_test_f1: 75.88(max: 75.88)
********************************************************************************
********************************************************************************
Train 5 Epoch5, Evaluate for atepc_datasets/restaurant
APC_test_acc: 84.77(max: 85.11)  APC_test_f1: 73.24(max: 73.75)
Emotion_test_acc: 88.92(max: 89.85) Emotion_test_f1: 75.03(max: 75.88)
********************************************************************************
********************************************************************************
Train 5 Epoch5, Evaluate for atepc_datasets/restaurant
APC_test_acc: 82.91(max: 85.11)  APC_test_f1: 71.9(max: 73.75)
Emotion_test_acc: 86.63(max: 89.85) Emotion_test_f1: 72.53(max: 75.88)
********************************************************************************
max_apc_test_acc: 86.04	max_apc_test_f1: 76.66 	max_emotion_test_acc: 90.36	max_emotion_test_f1: 76.78
