log file: logs/241129-014357.log
--------------------------------------------------------------------------------
Config 1 (totally 1 configs)
No.1 training process of 5
>>> dataset: restaurant
>>> output_dir: output
>>> SRD: 5
>>> learning_rate: 3e-05
>>> use_unique_bert: True
>>> use_bert_spc: False
>>> local_context_focus: cdw
>>> num_train_epochs: 5.0
>>> train_batch_size: 16
>>> dropout: 0.0
>>> max_seq_length: 80
>>> eval_batch_size: 32
>>> eval_steps: 20
>>> gradient_accumulation_steps: 1
>>> config_path: experiments.json
>>> device: cpu
>>> seed: 1
>>> bert_model: bert-base-uncased
>>> data_dir: atepc_datasets/restaurant
***** Running training *****
  Num examples = 3545
  Batch size = 16
  Num steps = 1105
################################################################################
Train 1 Epoch1
################################################################################
################################################################################
Train 1 Epoch2
################################################################################
################################################################################
Train 1 Epoch3
################################################################################
################################################################################
Train 1 Epoch4
################################################################################
********************************************************************************
Train 1 Epoch4, Evaluate for atepc_datasets/restaurant
APC_test_acc: 81.43(max: 81.43)  APC_test_f1: 69.02(max: 69.02)
Emotion_test_acc: 87.73(max: 87.73) Emotion_test_f1: 59.9(max: 59.9)
********************************************************************************
********************************************************************************
Train 1 Epoch4, Evaluate for atepc_datasets/restaurant
APC_test_acc: 81.98(max: 81.98)  APC_test_f1: 70.1(max: 70.1)
Emotion_test_acc: 87.31(max: 87.73) Emotion_test_f1: 59.56(max: 59.9)
********************************************************************************
********************************************************************************
Train 1 Epoch4, Evaluate for atepc_datasets/restaurant
APC_test_acc: 83.33(max: 83.33)  APC_test_f1: 71.56(max: 71.56)
Emotion_test_acc: 88.41(max: 88.41) Emotion_test_f1: 59.07(max: 59.9)
********************************************************************************
********************************************************************************
Train 1 Epoch4, Evaluate for atepc_datasets/restaurant
APC_test_acc: 82.66(max: 83.33)  APC_test_f1: 69.94(max: 71.56)
Emotion_test_acc: 88.32(max: 88.41) Emotion_test_f1: 58.87(max: 59.9)
********************************************************************************
********************************************************************************
Train 1 Epoch4, Evaluate for atepc_datasets/restaurant
APC_test_acc: 82.11(max: 83.33)  APC_test_f1: 69.17(max: 71.56)
Emotion_test_acc: 88.58(max: 88.58) Emotion_test_f1: 59.14(max: 59.9)
********************************************************************************
********************************************************************************
Train 1 Epoch4, Evaluate for atepc_datasets/restaurant
APC_test_acc: 82.66(max: 83.33)  APC_test_f1: 71.17(max: 71.56)
Emotion_test_acc: 87.56(max: 88.58) Emotion_test_f1: 67.7(max: 67.7)
********************************************************************************
********************************************************************************
Train 1 Epoch4, Evaluate for atepc_datasets/restaurant
APC_test_acc: 81.6(max: 83.33)  APC_test_f1: 69.38(max: 71.56)
Emotion_test_acc: 87.31(max: 88.58) Emotion_test_f1: 64.3(max: 67.7)
********************************************************************************
********************************************************************************
Train 1 Epoch4, Evaluate for atepc_datasets/restaurant
APC_test_acc: 81.35(max: 83.33)  APC_test_f1: 68.91(max: 71.56)
Emotion_test_acc: 87.06(max: 88.58) Emotion_test_f1: 68.65(max: 68.65)
********************************************************************************
********************************************************************************
Train 1 Epoch4, Evaluate for atepc_datasets/restaurant
APC_test_acc: 82.15(max: 83.33)  APC_test_f1: 69.53(max: 71.56)
Emotion_test_acc: 87.65(max: 88.58) Emotion_test_f1: 61.2(max: 68.65)
********************************************************************************
********************************************************************************
Train 1 Epoch4, Evaluate for atepc_datasets/restaurant
APC_test_acc: 82.87(max: 83.33)  APC_test_f1: 69.32(max: 71.56)
Emotion_test_acc: 88.41(max: 88.58) Emotion_test_f1: 63.89(max: 68.65)
********************************************************************************
********************************************************************************
Train 1 Epoch4, Evaluate for atepc_datasets/restaurant
APC_test_acc: 82.28(max: 83.33)  APC_test_f1: 70.02(max: 71.56)
Emotion_test_acc: 88.24(max: 88.58) Emotion_test_f1: 65.68(max: 68.65)
********************************************************************************
################################################################################
Train 1 Epoch5
################################################################################
********************************************************************************
Train 1 Epoch5, Evaluate for atepc_datasets/restaurant
APC_test_acc: 82.57(max: 83.33)  APC_test_f1: 68.7(max: 71.56)
Emotion_test_acc: 88.83(max: 88.83) Emotion_test_f1: 66.09(max: 68.65)
********************************************************************************
********************************************************************************
Train 1 Epoch5, Evaluate for atepc_datasets/restaurant
APC_test_acc: 81.51(max: 83.33)  APC_test_f1: 67.61(max: 71.56)
Emotion_test_acc: 88.16(max: 88.83) Emotion_test_f1: 69.35(max: 69.35)
********************************************************************************
********************************************************************************
Train 1 Epoch5, Evaluate for atepc_datasets/restaurant
APC_test_acc: 83.67(max: 83.67)  APC_test_f1: 70.06(max: 71.56)
Emotion_test_acc: 89.59(max: 89.59) Emotion_test_f1: 68.07(max: 69.35)
********************************************************************************
********************************************************************************
Train 1 Epoch5, Evaluate for atepc_datasets/restaurant
APC_test_acc: 82.53(max: 83.67)  APC_test_f1: 69.51(max: 71.56)
Emotion_test_acc: 88.41(max: 89.59) Emotion_test_f1: 64.05(max: 69.35)
********************************************************************************
********************************************************************************
Train 1 Epoch5, Evaluate for atepc_datasets/restaurant
APC_test_acc: 82.7(max: 83.67)  APC_test_f1: 69.29(max: 71.56)
Emotion_test_acc: 89.51(max: 89.59) Emotion_test_f1: 72.02(max: 72.02)
********************************************************************************
********************************************************************************
Train 1 Epoch5, Evaluate for atepc_datasets/restaurant
APC_test_acc: 82.36(max: 83.67)  APC_test_f1: 70.45(max: 71.56)
Emotion_test_acc: 87.56(max: 89.59) Emotion_test_f1: 71.53(max: 72.02)
********************************************************************************
********************************************************************************
Train 1 Epoch5, Evaluate for atepc_datasets/restaurant
APC_test_acc: 80.08(max: 83.67)  APC_test_f1: 67.81(max: 71.56)
Emotion_test_acc: 87.73(max: 89.59) Emotion_test_f1: 72.29(max: 72.29)
********************************************************************************
********************************************************************************
Train 1 Epoch5, Evaluate for atepc_datasets/restaurant
APC_test_acc: 83.38(max: 83.67)  APC_test_f1: 70.14(max: 71.56)
Emotion_test_acc: 88.49(max: 89.59) Emotion_test_f1: 72.41(max: 72.41)
********************************************************************************
********************************************************************************
Train 1 Epoch5, Evaluate for atepc_datasets/restaurant
APC_test_acc: 84.01(max: 84.01)  APC_test_f1: 70.91(max: 71.56)
Emotion_test_acc: 90.19(max: 90.19) Emotion_test_f1: 74.54(max: 74.54)
********************************************************************************
********************************************************************************
Train 1 Epoch5, Evaluate for atepc_datasets/restaurant
APC_test_acc: 82.99(max: 84.01)  APC_test_f1: 68.51(max: 71.56)
Emotion_test_acc: 89.59(max: 90.19) Emotion_test_f1: 73.41(max: 74.54)
********************************************************************************
********************************************************************************
Train 1 Epoch5, Evaluate for atepc_datasets/restaurant
APC_test_acc: 78.05(max: 84.01)  APC_test_f1: 68.37(max: 71.56)
Emotion_test_acc: 82.57(max: 90.19) Emotion_test_f1: 66.95(max: 74.54)
********************************************************************************
max_apc_test_acc: 84.01	max_apc_test_f1: 71.56 	max_emotion_test_acc: 90.19	max_emotion_test_f1: 74.54
No.2 training process of 5
>>> dataset: restaurant
>>> output_dir: output
>>> SRD: 5
>>> learning_rate: 3e-05
>>> use_unique_bert: True
>>> use_bert_spc: False
>>> local_context_focus: cdw
>>> num_train_epochs: 5.0
>>> train_batch_size: 16
>>> dropout: 0.0
>>> max_seq_length: 80
>>> eval_batch_size: 32
>>> eval_steps: 20
>>> gradient_accumulation_steps: 1
>>> config_path: experiments.json
>>> device: cpu
>>> seed: 2
>>> bert_model: bert-base-uncased
>>> data_dir: atepc_datasets/restaurant
***** Running training *****
  Num examples = 3545
  Batch size = 16
  Num steps = 1105
################################################################################
Train 2 Epoch1
################################################################################
################################################################################
Train 2 Epoch2
################################################################################
################################################################################
Train 2 Epoch3
################################################################################
################################################################################
Train 2 Epoch4
################################################################################
********************************************************************************
Train 2 Epoch4, Evaluate for atepc_datasets/restaurant
APC_test_acc: 81.81(max: 81.81)  APC_test_f1: 68.15(max: 68.15)
Emotion_test_acc: 88.07(max: 88.07) Emotion_test_f1: 58.74(max: 58.74)
********************************************************************************
********************************************************************************
Train 2 Epoch4, Evaluate for atepc_datasets/restaurant
APC_test_acc: 82.4(max: 82.4)  APC_test_f1: 70.41(max: 70.41)
Emotion_test_acc: 87.39(max: 88.07) Emotion_test_f1: 60.82(max: 60.82)
********************************************************************************
********************************************************************************
Train 2 Epoch4, Evaluate for atepc_datasets/restaurant
APC_test_acc: 83.42(max: 83.42)  APC_test_f1: 71.04(max: 71.04)
Emotion_test_acc: 88.16(max: 88.16) Emotion_test_f1: 58.87(max: 60.82)
********************************************************************************
********************************************************************************
Train 2 Epoch4, Evaluate for atepc_datasets/restaurant
APC_test_acc: 82.36(max: 83.42)  APC_test_f1: 71.58(max: 71.58)
Emotion_test_acc: 86.46(max: 88.16) Emotion_test_f1: 57.16(max: 60.82)
********************************************************************************
********************************************************************************
Train 2 Epoch4, Evaluate for atepc_datasets/restaurant
APC_test_acc: 82.66(max: 83.42)  APC_test_f1: 70.04(max: 71.58)
Emotion_test_acc: 87.99(max: 88.16) Emotion_test_f1: 58.65(max: 60.82)
********************************************************************************
********************************************************************************
Train 2 Epoch4, Evaluate for atepc_datasets/restaurant
APC_test_acc: 82.45(max: 83.42)  APC_test_f1: 71.12(max: 71.58)
Emotion_test_acc: 87.31(max: 88.16) Emotion_test_f1: 61.72(max: 61.72)
********************************************************************************
********************************************************************************
Train 2 Epoch4, Evaluate for atepc_datasets/restaurant
APC_test_acc: 82.11(max: 83.42)  APC_test_f1: 70.12(max: 71.58)
Emotion_test_acc: 87.23(max: 88.16) Emotion_test_f1: 61.85(max: 61.85)
********************************************************************************
********************************************************************************
Train 2 Epoch4, Evaluate for atepc_datasets/restaurant
APC_test_acc: 80.71(max: 83.42)  APC_test_f1: 66.74(max: 71.58)
Emotion_test_acc: 87.14(max: 88.16) Emotion_test_f1: 64.82(max: 64.82)
********************************************************************************
********************************************************************************
Train 2 Epoch4, Evaluate for atepc_datasets/restaurant
APC_test_acc: 82.87(max: 83.42)  APC_test_f1: 71.06(max: 71.58)
Emotion_test_acc: 87.73(max: 88.16) Emotion_test_f1: 58.52(max: 64.82)
********************************************************************************
********************************************************************************
Train 2 Epoch4, Evaluate for atepc_datasets/restaurant
APC_test_acc: 82.45(max: 83.42)  APC_test_f1: 68.53(max: 71.58)
Emotion_test_acc: 87.9(max: 88.16) Emotion_test_f1: 58.63(max: 64.82)
********************************************************************************
********************************************************************************
Train 2 Epoch4, Evaluate for atepc_datasets/restaurant
APC_test_acc: 81.6(max: 83.42)  APC_test_f1: 70.59(max: 71.58)
Emotion_test_acc: 86.72(max: 88.16) Emotion_test_f1: 59.36(max: 64.82)
********************************************************************************
################################################################################
Train 2 Epoch5
################################################################################
********************************************************************************
Train 2 Epoch5, Evaluate for atepc_datasets/restaurant
APC_test_acc: 82.83(max: 83.42)  APC_test_f1: 68.6(max: 71.58)
Emotion_test_acc: 88.32(max: 88.32) Emotion_test_f1: 60.3(max: 64.82)
********************************************************************************
********************************************************************************
Train 2 Epoch5, Evaluate for atepc_datasets/restaurant
APC_test_acc: 82.7(max: 83.42)  APC_test_f1: 69.79(max: 71.58)
Emotion_test_acc: 88.24(max: 88.32) Emotion_test_f1: 70.59(max: 70.59)
********************************************************************************
********************************************************************************
Train 2 Epoch5, Evaluate for atepc_datasets/restaurant
APC_test_acc: 83.59(max: 83.59)  APC_test_f1: 70.38(max: 71.58)
Emotion_test_acc: 89.17(max: 89.17) Emotion_test_f1: 62.23(max: 70.59)
********************************************************************************
********************************************************************************
Train 2 Epoch5, Evaluate for atepc_datasets/restaurant
APC_test_acc: 82.49(max: 83.59)  APC_test_f1: 68.81(max: 71.58)
Emotion_test_acc: 88.75(max: 89.17) Emotion_test_f1: 60.64(max: 70.59)
********************************************************************************
********************************************************************************
Train 2 Epoch5, Evaluate for atepc_datasets/restaurant
APC_test_acc: 83.63(max: 83.63)  APC_test_f1: 71.09(max: 71.58)
Emotion_test_acc: 88.92(max: 89.17) Emotion_test_f1: 63.45(max: 70.59)
********************************************************************************
********************************************************************************
Train 2 Epoch5, Evaluate for atepc_datasets/restaurant
APC_test_acc: 82.49(max: 83.63)  APC_test_f1: 70.64(max: 71.58)
Emotion_test_acc: 87.99(max: 89.17) Emotion_test_f1: 70.95(max: 70.95)
********************************************************************************
********************************************************************************
Train 2 Epoch5, Evaluate for atepc_datasets/restaurant
APC_test_acc: 83.04(max: 83.63)  APC_test_f1: 72.05(max: 72.05)
Emotion_test_acc: 88.49(max: 89.17) Emotion_test_f1: 72.62(max: 72.62)
********************************************************************************
********************************************************************************
Train 2 Epoch5, Evaluate for atepc_datasets/restaurant
APC_test_acc: 82.02(max: 83.63)  APC_test_f1: 69.03(max: 72.05)
Emotion_test_acc: 87.65(max: 89.17) Emotion_test_f1: 70.76(max: 72.62)
********************************************************************************
********************************************************************************
Train 2 Epoch5, Evaluate for atepc_datasets/restaurant
APC_test_acc: 82.87(max: 83.63)  APC_test_f1: 70.3(max: 72.05)
Emotion_test_acc: 88.32(max: 89.17) Emotion_test_f1: 64.78(max: 72.62)
********************************************************************************
********************************************************************************
Train 2 Epoch5, Evaluate for atepc_datasets/restaurant
APC_test_acc: 82.99(max: 83.63)  APC_test_f1: 69.55(max: 72.05)
Emotion_test_acc: 88.92(max: 89.17) Emotion_test_f1: 72.02(max: 72.62)
********************************************************************************
********************************************************************************
Train 2 Epoch5, Evaluate for atepc_datasets/restaurant
APC_test_acc: 80.2(max: 83.63)  APC_test_f1: 69.82(max: 72.05)
Emotion_test_acc: 85.03(max: 89.17) Emotion_test_f1: 64.98(max: 72.62)
********************************************************************************
max_apc_test_acc: 84.01	max_apc_test_f1: 72.05 	max_emotion_test_acc: 90.19	max_emotion_test_f1: 74.54
No.3 training process of 5
>>> dataset: restaurant
>>> output_dir: output
>>> SRD: 5
>>> learning_rate: 3e-05
>>> use_unique_bert: True
>>> use_bert_spc: False
>>> local_context_focus: cdw
>>> num_train_epochs: 5.0
>>> train_batch_size: 16
>>> dropout: 0.0
>>> max_seq_length: 80
>>> eval_batch_size: 32
>>> eval_steps: 20
>>> gradient_accumulation_steps: 1
>>> config_path: experiments.json
>>> device: cpu
>>> seed: 3
>>> bert_model: bert-base-uncased
>>> data_dir: atepc_datasets/restaurant
***** Running training *****
  Num examples = 3545
  Batch size = 16
  Num steps = 1105
################################################################################
Train 3 Epoch1
################################################################################
################################################################################
Train 3 Epoch2
################################################################################
################################################################################
Train 3 Epoch3
################################################################################
################################################################################
Train 3 Epoch4
################################################################################
********************************************************************************
Train 3 Epoch4, Evaluate for atepc_datasets/restaurant
APC_test_acc: 81.94(max: 81.94)  APC_test_f1: 68.64(max: 68.64)
Emotion_test_acc: 86.63(max: 86.63) Emotion_test_f1: 57.68(max: 57.68)
********************************************************************************
********************************************************************************
Train 3 Epoch4, Evaluate for atepc_datasets/restaurant
APC_test_acc: 82.45(max: 82.45)  APC_test_f1: 68.95(max: 68.95)
Emotion_test_acc: 87.99(max: 87.99) Emotion_test_f1: 60.04(max: 60.04)
********************************************************************************
********************************************************************************
Train 3 Epoch4, Evaluate for atepc_datasets/restaurant
APC_test_acc: 82.49(max: 82.49)  APC_test_f1: 69.79(max: 69.79)
Emotion_test_acc: 87.56(max: 87.99) Emotion_test_f1: 58.26(max: 60.04)
********************************************************************************
********************************************************************************
Train 3 Epoch4, Evaluate for atepc_datasets/restaurant
APC_test_acc: 82.61(max: 82.61)  APC_test_f1: 69.93(max: 69.93)
Emotion_test_acc: 87.99(max: 87.99) Emotion_test_f1: 58.71(max: 60.04)
********************************************************************************
********************************************************************************
Train 3 Epoch4, Evaluate for atepc_datasets/restaurant
APC_test_acc: 83.21(max: 83.21)  APC_test_f1: 70.83(max: 70.83)
Emotion_test_acc: 88.66(max: 88.66) Emotion_test_f1: 59.18(max: 60.04)
********************************************************************************
********************************************************************************
Train 3 Epoch4, Evaluate for atepc_datasets/restaurant
APC_test_acc: 82.06(max: 83.21)  APC_test_f1: 69.66(max: 70.83)
Emotion_test_acc: 87.48(max: 88.66) Emotion_test_f1: 60.71(max: 60.71)
********************************************************************************
********************************************************************************
Train 3 Epoch4, Evaluate for atepc_datasets/restaurant
APC_test_acc: 81.26(max: 83.21)  APC_test_f1: 68.3(max: 70.83)
Emotion_test_acc: 87.31(max: 88.66) Emotion_test_f1: 62.12(max: 62.12)
********************************************************************************
********************************************************************************
Train 3 Epoch4, Evaluate for atepc_datasets/restaurant
APC_test_acc: 81.09(max: 83.21)  APC_test_f1: 70.33(max: 70.83)
Emotion_test_acc: 85.96(max: 88.66) Emotion_test_f1: 58.65(max: 62.12)
********************************************************************************
********************************************************************************
Train 3 Epoch4, Evaluate for atepc_datasets/restaurant
APC_test_acc: 83.42(max: 83.42)  APC_test_f1: 70.99(max: 70.99)
Emotion_test_acc: 87.99(max: 88.66) Emotion_test_f1: 58.66(max: 62.12)
********************************************************************************
********************************************************************************
Train 3 Epoch4, Evaluate for atepc_datasets/restaurant
APC_test_acc: 84.14(max: 84.14)  APC_test_f1: 72.5(max: 72.5)
Emotion_test_acc: 88.66(max: 88.66) Emotion_test_f1: 59.29(max: 62.12)
********************************************************************************
********************************************************************************
Train 3 Epoch4, Evaluate for atepc_datasets/restaurant
APC_test_acc: 82.23(max: 84.14)  APC_test_f1: 71.65(max: 72.5)
Emotion_test_acc: 87.14(max: 88.66) Emotion_test_f1: 58.23(max: 62.12)
********************************************************************************
################################################################################
Train 3 Epoch5
################################################################################
********************************************************************************
Train 3 Epoch5, Evaluate for atepc_datasets/restaurant
APC_test_acc: 82.53(max: 84.14)  APC_test_f1: 67.77(max: 72.5)
Emotion_test_acc: 88.41(max: 88.66) Emotion_test_f1: 59.11(max: 62.12)
********************************************************************************
********************************************************************************
Train 3 Epoch5, Evaluate for atepc_datasets/restaurant
APC_test_acc: 83.38(max: 84.14)  APC_test_f1: 71.17(max: 72.5)
Emotion_test_acc: 88.75(max: 88.75) Emotion_test_f1: 65.63(max: 65.63)
********************************************************************************
********************************************************************************
Train 3 Epoch5, Evaluate for atepc_datasets/restaurant
APC_test_acc: 83.46(max: 84.14)  APC_test_f1: 70.3(max: 72.5)
Emotion_test_acc: 89.0(max: 89.0) Emotion_test_f1: 63.27(max: 65.63)
********************************************************************************
********************************************************************************
Train 3 Epoch5, Evaluate for atepc_datasets/restaurant
APC_test_acc: 82.53(max: 84.14)  APC_test_f1: 69.02(max: 72.5)
Emotion_test_acc: 88.83(max: 89.0) Emotion_test_f1: 63.37(max: 65.63)
********************************************************************************
********************************************************************************
Train 3 Epoch5, Evaluate for atepc_datasets/restaurant
APC_test_acc: 82.95(max: 84.14)  APC_test_f1: 70.85(max: 72.5)
Emotion_test_acc: 88.83(max: 89.0) Emotion_test_f1: 60.82(max: 65.63)
********************************************************************************
********************************************************************************
Train 3 Epoch5, Evaluate for atepc_datasets/restaurant
APC_test_acc: 82.4(max: 84.14)  APC_test_f1: 70.34(max: 72.5)
Emotion_test_acc: 88.16(max: 89.0) Emotion_test_f1: 65.28(max: 65.63)
********************************************************************************
********************************************************************************
Train 3 Epoch5, Evaluate for atepc_datasets/restaurant
APC_test_acc: 81.47(max: 84.14)  APC_test_f1: 69.05(max: 72.5)
Emotion_test_acc: 87.99(max: 89.0) Emotion_test_f1: 66.02(max: 66.02)
********************************************************************************
********************************************************************************
Train 3 Epoch5, Evaluate for atepc_datasets/restaurant
APC_test_acc: 79.4(max: 84.14)  APC_test_f1: 68.82(max: 72.5)
Emotion_test_acc: 81.73(max: 89.0) Emotion_test_f1: 55.48(max: 66.02)
********************************************************************************
********************************************************************************
Train 3 Epoch5, Evaluate for atepc_datasets/restaurant
APC_test_acc: 84.09(max: 84.14)  APC_test_f1: 71.54(max: 72.5)
Emotion_test_acc: 89.0(max: 89.0) Emotion_test_f1: 62.03(max: 66.02)
********************************************************************************
********************************************************************************
Train 3 Epoch5, Evaluate for atepc_datasets/restaurant
APC_test_acc: 83.46(max: 84.14)  APC_test_f1: 70.71(max: 72.5)
Emotion_test_acc: 89.51(max: 89.51) Emotion_test_f1: 67.65(max: 67.65)
********************************************************************************
********************************************************************************
Train 3 Epoch5, Evaluate for atepc_datasets/restaurant
APC_test_acc: 81.43(max: 84.14)  APC_test_f1: 70.19(max: 72.5)
Emotion_test_acc: 86.63(max: 89.51) Emotion_test_f1: 62.72(max: 67.65)
********************************************************************************
max_apc_test_acc: 84.14	max_apc_test_f1: 72.5 	max_emotion_test_acc: 90.19	max_emotion_test_f1: 74.54
No.4 training process of 5
>>> dataset: restaurant
>>> output_dir: output
>>> SRD: 5
>>> learning_rate: 3e-05
>>> use_unique_bert: True
>>> use_bert_spc: False
>>> local_context_focus: cdw
>>> num_train_epochs: 5.0
>>> train_batch_size: 16
>>> dropout: 0.0
>>> max_seq_length: 80
>>> eval_batch_size: 32
>>> eval_steps: 20
>>> gradient_accumulation_steps: 1
>>> config_path: experiments.json
>>> device: cpu
>>> seed: 4
>>> bert_model: bert-base-uncased
>>> data_dir: atepc_datasets/restaurant
***** Running training *****
  Num examples = 3545
  Batch size = 16
  Num steps = 1105
################################################################################
Train 4 Epoch1
################################################################################
################################################################################
Train 4 Epoch2
################################################################################
################################################################################
Train 4 Epoch3
################################################################################
################################################################################
Train 4 Epoch4
################################################################################
********************************************************************************
Train 4 Epoch4, Evaluate for atepc_datasets/restaurant
APC_test_acc: 81.47(max: 81.47)  APC_test_f1: 67.17(max: 67.17)
Emotion_test_acc: 87.48(max: 87.48) Emotion_test_f1: 58.39(max: 58.39)
********************************************************************************
********************************************************************************
Train 4 Epoch4, Evaluate for atepc_datasets/restaurant
APC_test_acc: 82.61(max: 82.61)  APC_test_f1: 70.18(max: 70.18)
Emotion_test_acc: 87.99(max: 87.99) Emotion_test_f1: 63.28(max: 63.28)
********************************************************************************
********************************************************************************
Train 4 Epoch4, Evaluate for atepc_datasets/restaurant
APC_test_acc: 83.04(max: 83.04)  APC_test_f1: 70.48(max: 70.48)
Emotion_test_acc: 88.49(max: 88.49) Emotion_test_f1: 59.09(max: 63.28)
********************************************************************************
********************************************************************************
Train 4 Epoch4, Evaluate for atepc_datasets/restaurant
APC_test_acc: 83.25(max: 83.25)  APC_test_f1: 72.17(max: 72.17)
Emotion_test_acc: 87.14(max: 88.49) Emotion_test_f1: 57.81(max: 63.28)
********************************************************************************
********************************************************************************
Train 4 Epoch4, Evaluate for atepc_datasets/restaurant
APC_test_acc: 82.95(max: 83.25)  APC_test_f1: 71.28(max: 72.17)
Emotion_test_acc: 87.99(max: 88.49) Emotion_test_f1: 58.63(max: 63.28)
********************************************************************************
********************************************************************************
Train 4 Epoch4, Evaluate for atepc_datasets/restaurant
APC_test_acc: 81.98(max: 83.25)  APC_test_f1: 70.78(max: 72.17)
Emotion_test_acc: 86.29(max: 88.49) Emotion_test_f1: 62.45(max: 63.28)
********************************************************************************
********************************************************************************
Train 4 Epoch4, Evaluate for atepc_datasets/restaurant
APC_test_acc: 80.37(max: 83.25)  APC_test_f1: 68.91(max: 72.17)
Emotion_test_acc: 86.29(max: 88.49) Emotion_test_f1: 64.57(max: 64.57)
********************************************************************************
********************************************************************************
Train 4 Epoch4, Evaluate for atepc_datasets/restaurant
APC_test_acc: 80.8(max: 83.25)  APC_test_f1: 68.84(max: 72.17)
Emotion_test_acc: 86.97(max: 88.49) Emotion_test_f1: 64.2(max: 64.57)
********************************************************************************
********************************************************************************
Train 4 Epoch4, Evaluate for atepc_datasets/restaurant
APC_test_acc: 82.91(max: 83.25)  APC_test_f1: 70.22(max: 72.17)
Emotion_test_acc: 88.16(max: 88.49) Emotion_test_f1: 60.23(max: 64.57)
********************************************************************************
********************************************************************************
Train 4 Epoch4, Evaluate for atepc_datasets/restaurant
APC_test_acc: 82.61(max: 83.25)  APC_test_f1: 69.97(max: 72.17)
Emotion_test_acc: 87.73(max: 88.49) Emotion_test_f1: 62.53(max: 64.57)
********************************************************************************
********************************************************************************
Train 4 Epoch4, Evaluate for atepc_datasets/restaurant
APC_test_acc: 81.05(max: 83.25)  APC_test_f1: 70.21(max: 72.17)
Emotion_test_acc: 85.79(max: 88.49) Emotion_test_f1: 62.16(max: 64.57)
********************************************************************************
################################################################################
Train 4 Epoch5
################################################################################
********************************************************************************
Train 4 Epoch5, Evaluate for atepc_datasets/restaurant
APC_test_acc: 82.4(max: 83.25)  APC_test_f1: 68.58(max: 72.17)
Emotion_test_acc: 89.26(max: 89.26) Emotion_test_f1: 64.63(max: 64.63)
********************************************************************************
********************************************************************************
Train 4 Epoch5, Evaluate for atepc_datasets/restaurant
APC_test_acc: 82.19(max: 83.25)  APC_test_f1: 69.42(max: 72.17)
Emotion_test_acc: 87.82(max: 89.26) Emotion_test_f1: 68.92(max: 68.92)
********************************************************************************
********************************************************************************
Train 4 Epoch5, Evaluate for atepc_datasets/restaurant
APC_test_acc: 83.04(max: 83.25)  APC_test_f1: 70.02(max: 72.17)
Emotion_test_acc: 88.32(max: 89.26) Emotion_test_f1: 66.28(max: 68.92)
********************************************************************************
********************************************************************************
Train 4 Epoch5, Evaluate for atepc_datasets/restaurant
APC_test_acc: 82.66(max: 83.25)  APC_test_f1: 70.91(max: 72.17)
Emotion_test_acc: 87.73(max: 89.26) Emotion_test_f1: 68.11(max: 68.92)
********************************************************************************
********************************************************************************
Train 4 Epoch5, Evaluate for atepc_datasets/restaurant
APC_test_acc: 81.85(max: 83.25)  APC_test_f1: 69.39(max: 72.17)
Emotion_test_acc: 87.48(max: 89.26) Emotion_test_f1: 70.8(max: 70.8)
********************************************************************************
********************************************************************************
Train 4 Epoch5, Evaluate for atepc_datasets/restaurant
APC_test_acc: 82.23(max: 83.25)  APC_test_f1: 70.48(max: 72.17)
Emotion_test_acc: 86.89(max: 89.26) Emotion_test_f1: 68.62(max: 70.8)
********************************************************************************
********************************************************************************
Train 4 Epoch5, Evaluate for atepc_datasets/restaurant
APC_test_acc: 80.63(max: 83.25)  APC_test_f1: 69.56(max: 72.17)
Emotion_test_acc: 86.97(max: 89.26) Emotion_test_f1: 69.93(max: 70.8)
********************************************************************************
********************************************************************************
Train 4 Epoch5, Evaluate for atepc_datasets/restaurant
APC_test_acc: 81.68(max: 83.25)  APC_test_f1: 69.67(max: 72.17)
Emotion_test_acc: 85.87(max: 89.26) Emotion_test_f1: 67.44(max: 70.8)
********************************************************************************
********************************************************************************
Train 4 Epoch5, Evaluate for atepc_datasets/restaurant
APC_test_acc: 83.8(max: 83.8)  APC_test_f1: 72.23(max: 72.23)
Emotion_test_acc: 88.41(max: 89.26) Emotion_test_f1: 73.05(max: 73.05)
********************************************************************************
********************************************************************************
Train 4 Epoch5, Evaluate for atepc_datasets/restaurant
APC_test_acc: 84.18(max: 84.18)  APC_test_f1: 71.02(max: 72.23)
Emotion_test_acc: 89.26(max: 89.26) Emotion_test_f1: 74.02(max: 74.02)
********************************************************************************
********************************************************************************
Train 4 Epoch5, Evaluate for atepc_datasets/restaurant
APC_test_acc: 82.15(max: 84.18)  APC_test_f1: 72.21(max: 72.23)
Emotion_test_acc: 86.72(max: 89.26) Emotion_test_f1: 70.96(max: 74.02)
********************************************************************************
max_apc_test_acc: 84.18	max_apc_test_f1: 72.5 	max_emotion_test_acc: 90.19	max_emotion_test_f1: 74.54
No.5 training process of 5
>>> dataset: restaurant
>>> output_dir: output
>>> SRD: 5
>>> learning_rate: 3e-05
>>> use_unique_bert: True
>>> use_bert_spc: False
>>> local_context_focus: cdw
>>> num_train_epochs: 5.0
>>> train_batch_size: 16
>>> dropout: 0.0
>>> max_seq_length: 80
>>> eval_batch_size: 32
>>> eval_steps: 20
>>> gradient_accumulation_steps: 1
>>> config_path: experiments.json
>>> device: cpu
>>> seed: 5
>>> bert_model: bert-base-uncased
>>> data_dir: atepc_datasets/restaurant
***** Running training *****
  Num examples = 3545
  Batch size = 16
  Num steps = 1105
################################################################################
Train 5 Epoch1
################################################################################
################################################################################
Train 5 Epoch2
################################################################################
################################################################################
Train 5 Epoch3
################################################################################
################################################################################
Train 5 Epoch4
################################################################################
********************************************************************************
Train 5 Epoch4, Evaluate for atepc_datasets/restaurant
APC_test_acc: 81.68(max: 81.68)  APC_test_f1: 66.54(max: 66.54)
Emotion_test_acc: 88.32(max: 88.32) Emotion_test_f1: 59.06(max: 59.06)
********************************************************************************
********************************************************************************
Train 5 Epoch4, Evaluate for atepc_datasets/restaurant
APC_test_acc: 82.4(max: 82.4)  APC_test_f1: 70.23(max: 70.23)
Emotion_test_acc: 87.73(max: 88.32) Emotion_test_f1: 60.99(max: 60.99)
********************************************************************************
********************************************************************************
Train 5 Epoch4, Evaluate for atepc_datasets/restaurant
APC_test_acc: 83.33(max: 83.33)  APC_test_f1: 71.33(max: 71.33)
Emotion_test_acc: 88.16(max: 88.32) Emotion_test_f1: 60.27(max: 60.99)
********************************************************************************
********************************************************************************
Train 5 Epoch4, Evaluate for atepc_datasets/restaurant
APC_test_acc: 83.38(max: 83.38)  APC_test_f1: 72.52(max: 72.52)
Emotion_test_acc: 87.48(max: 88.32) Emotion_test_f1: 58.23(max: 60.99)
********************************************************************************
********************************************************************************
Train 5 Epoch4, Evaluate for atepc_datasets/restaurant
APC_test_acc: 82.32(max: 83.38)  APC_test_f1: 70.98(max: 72.52)
Emotion_test_acc: 87.06(max: 88.32) Emotion_test_f1: 58.03(max: 60.99)
********************************************************************************
********************************************************************************
Train 5 Epoch4, Evaluate for atepc_datasets/restaurant
APC_test_acc: 83.08(max: 83.38)  APC_test_f1: 72.42(max: 72.52)
Emotion_test_acc: 87.23(max: 88.32) Emotion_test_f1: 60.79(max: 60.99)
********************************************************************************
********************************************************************************
Train 5 Epoch4, Evaluate for atepc_datasets/restaurant
APC_test_acc: 82.11(max: 83.38)  APC_test_f1: 69.3(max: 72.52)
Emotion_test_acc: 87.82(max: 88.32) Emotion_test_f1: 59.97(max: 60.99)
********************************************************************************
********************************************************************************
Train 5 Epoch4, Evaluate for atepc_datasets/restaurant
APC_test_acc: 82.02(max: 83.38)  APC_test_f1: 68.07(max: 72.52)
Emotion_test_acc: 88.41(max: 88.41) Emotion_test_f1: 63.78(max: 63.78)
********************************************************************************
********************************************************************************
Train 5 Epoch4, Evaluate for atepc_datasets/restaurant
APC_test_acc: 83.33(max: 83.38)  APC_test_f1: 71.66(max: 72.52)
Emotion_test_acc: 88.92(max: 88.92) Emotion_test_f1: 62.15(max: 63.78)
********************************************************************************
********************************************************************************
Train 5 Epoch4, Evaluate for atepc_datasets/restaurant
APC_test_acc: 83.5(max: 83.5)  APC_test_f1: 71.43(max: 72.52)
Emotion_test_acc: 88.83(max: 88.92) Emotion_test_f1: 59.39(max: 63.78)
********************************************************************************
********************************************************************************
Train 5 Epoch4, Evaluate for atepc_datasets/restaurant
APC_test_acc: 82.15(max: 83.5)  APC_test_f1: 70.37(max: 72.52)
Emotion_test_acc: 87.23(max: 88.92) Emotion_test_f1: 59.73(max: 63.78)
********************************************************************************
################################################################################
Train 5 Epoch5
################################################################################
********************************************************************************
Train 5 Epoch5, Evaluate for atepc_datasets/restaurant
APC_test_acc: 82.99(max: 83.5)  APC_test_f1: 70.06(max: 72.52)
Emotion_test_acc: 87.39(max: 88.92) Emotion_test_f1: 59.38(max: 63.78)
********************************************************************************
********************************************************************************
Train 5 Epoch5, Evaluate for atepc_datasets/restaurant
APC_test_acc: 82.32(max: 83.5)  APC_test_f1: 70.8(max: 72.52)
Emotion_test_acc: 86.97(max: 88.92) Emotion_test_f1: 60.03(max: 63.78)
********************************************************************************
********************************************************************************
Train 5 Epoch5, Evaluate for atepc_datasets/restaurant
APC_test_acc: 83.76(max: 83.76)  APC_test_f1: 70.87(max: 72.52)
Emotion_test_acc: 88.83(max: 88.92) Emotion_test_f1: 63.38(max: 63.78)
********************************************************************************
********************************************************************************
Train 5 Epoch5, Evaluate for atepc_datasets/restaurant
APC_test_acc: 82.74(max: 83.76)  APC_test_f1: 71.04(max: 72.52)
Emotion_test_acc: 88.07(max: 88.92) Emotion_test_f1: 58.7(max: 63.78)
********************************************************************************
********************************************************************************
Train 5 Epoch5, Evaluate for atepc_datasets/restaurant
APC_test_acc: 83.21(max: 83.76)  APC_test_f1: 71.87(max: 72.52)
Emotion_test_acc: 88.07(max: 88.92) Emotion_test_f1: 60.32(max: 63.78)
********************************************************************************
********************************************************************************
Train 5 Epoch5, Evaluate for atepc_datasets/restaurant
APC_test_acc: 83.54(max: 83.76)  APC_test_f1: 72.61(max: 72.61)
Emotion_test_acc: 88.32(max: 88.92) Emotion_test_f1: 64.6(max: 64.6)
********************************************************************************
********************************************************************************
Train 5 Epoch5, Evaluate for atepc_datasets/restaurant
APC_test_acc: 81.3(max: 83.76)  APC_test_f1: 69.87(max: 72.61)
Emotion_test_acc: 87.9(max: 88.92) Emotion_test_f1: 67.85(max: 67.85)
********************************************************************************
********************************************************************************
Train 5 Epoch5, Evaluate for atepc_datasets/restaurant
APC_test_acc: 81.6(max: 83.76)  APC_test_f1: 70.85(max: 72.61)
Emotion_test_acc: 85.11(max: 88.92) Emotion_test_f1: 57.31(max: 67.85)
********************************************************************************
********************************************************************************
Train 5 Epoch5, Evaluate for atepc_datasets/restaurant
APC_test_acc: 83.59(max: 83.76)  APC_test_f1: 72.03(max: 72.61)
Emotion_test_acc: 88.58(max: 88.92) Emotion_test_f1: 65.83(max: 67.85)
********************************************************************************
********************************************************************************
Train 5 Epoch5, Evaluate for atepc_datasets/restaurant
APC_test_acc: 83.38(max: 83.76)  APC_test_f1: 71.62(max: 72.61)
Emotion_test_acc: 87.82(max: 88.92) Emotion_test_f1: 63.25(max: 67.85)
********************************************************************************
********************************************************************************
Train 5 Epoch5, Evaluate for atepc_datasets/restaurant
APC_test_acc: 79.57(max: 83.76)  APC_test_f1: 69.57(max: 72.61)
Emotion_test_acc: 83.33(max: 88.92) Emotion_test_f1: 62.24(max: 67.85)
********************************************************************************
max_apc_test_acc: 84.18	max_apc_test_f1: 72.61 	max_emotion_test_acc: 90.19	max_emotion_test_f1: 74.54
