log file: logs/241128-165935.log
--------------------------------------------------------------------------------
Config 1 (totally 1 configs)
No.1 training process of 5
>>> dataset: restaurant
>>> output_dir: output
>>> SRD: 5
>>> learning_rate: 3e-05
>>> use_unique_bert: True
>>> use_bert_spc: False
>>> local_context_focus: cdm
>>> num_train_epochs: 5.0
>>> train_batch_size: 16
>>> dropout: 0.0
>>> max_seq_length: 80
>>> eval_batch_size: 32
>>> eval_steps: 20
>>> gradient_accumulation_steps: 1
>>> config_path: experiments.json
>>> device: cpu
>>> seed: 1
>>> bert_model: bert-base-uncased
>>> data_dir: atepc_datasets/restaurant
***** Running training *****
  Num examples = 3545
  Batch size = 16
  Num steps = 1105
################################################################################
Train 1 Epoch1
################################################################################
################################################################################
Train 1 Epoch2
################################################################################
################################################################################
Train 1 Epoch3
################################################################################
################################################################################
Train 1 Epoch4
################################################################################
********************************************************************************
Train 1 Epoch4, Evaluate for atepc_datasets/restaurant
APC_test_acc: 80.12(max: 80.12)  APC_test_f1: 69.51(max: 69.51)
Emotion_test_acc: 85.45(max: 85.45) Emotion_test_f1: 56.85(max: 56.85)
********************************************************************************
********************************************************************************
Train 1 Epoch4, Evaluate for atepc_datasets/restaurant
APC_test_acc: 81.18(max: 81.18)  APC_test_f1: 69.8(max: 69.8)
Emotion_test_acc: 84.94(max: 85.45) Emotion_test_f1: 56.56(max: 56.85)
********************************************************************************
********************************************************************************
Train 1 Epoch4, Evaluate for atepc_datasets/restaurant
APC_test_acc: 82.87(max: 82.87)  APC_test_f1: 72.56(max: 72.56)
Emotion_test_acc: 86.13(max: 86.13) Emotion_test_f1: 57.35(max: 57.35)
********************************************************************************
********************************************************************************
Train 1 Epoch4, Evaluate for atepc_datasets/restaurant
APC_test_acc: 83.04(max: 83.04)  APC_test_f1: 72.28(max: 72.56)
Emotion_test_acc: 86.89(max: 86.89) Emotion_test_f1: 57.85(max: 57.85)
********************************************************************************
********************************************************************************
Train 1 Epoch4, Evaluate for atepc_datasets/restaurant
APC_test_acc: 82.74(max: 83.04)  APC_test_f1: 71.32(max: 72.56)
Emotion_test_acc: 87.48(max: 87.48) Emotion_test_f1: 59.79(max: 59.79)
********************************************************************************
********************************************************************************
Train 1 Epoch4, Evaluate for atepc_datasets/restaurant
APC_test_acc: 83.71(max: 83.71)  APC_test_f1: 73.23(max: 73.23)
Emotion_test_acc: 86.97(max: 87.48) Emotion_test_f1: 59.12(max: 59.79)
********************************************************************************
********************************************************************************
Train 1 Epoch4, Evaluate for atepc_datasets/restaurant
APC_test_acc: 83.33(max: 83.71)  APC_test_f1: 72.92(max: 73.23)
Emotion_test_acc: 87.65(max: 87.65) Emotion_test_f1: 61.03(max: 61.03)
********************************************************************************
********************************************************************************
Train 1 Epoch4, Evaluate for atepc_datasets/restaurant
APC_test_acc: 80.88(max: 83.71)  APC_test_f1: 67.92(max: 73.23)
Emotion_test_acc: 84.26(max: 87.65) Emotion_test_f1: 59.82(max: 61.03)
********************************************************************************
********************************************************************************
Train 1 Epoch4, Evaluate for atepc_datasets/restaurant
APC_test_acc: 84.01(max: 84.01)  APC_test_f1: 72.07(max: 73.23)
Emotion_test_acc: 88.24(max: 88.24) Emotion_test_f1: 58.83(max: 61.03)
********************************************************************************
********************************************************************************
Train 1 Epoch4, Evaluate for atepc_datasets/restaurant
APC_test_acc: 85.03(max: 85.03)  APC_test_f1: 74.45(max: 74.45)
Emotion_test_acc: 89.0(max: 89.0) Emotion_test_f1: 59.6(max: 61.03)
********************************************************************************
********************************************************************************
Train 1 Epoch4, Evaluate for atepc_datasets/restaurant
APC_test_acc: 84.77(max: 85.03)  APC_test_f1: 73.46(max: 74.45)
Emotion_test_acc: 88.92(max: 89.0) Emotion_test_f1: 59.61(max: 61.03)
********************************************************************************
################################################################################
Train 1 Epoch5
################################################################################
********************************************************************************
Train 1 Epoch5, Evaluate for atepc_datasets/restaurant
APC_test_acc: 84.35(max: 85.03)  APC_test_f1: 72.83(max: 74.45)
Emotion_test_acc: 88.58(max: 89.0) Emotion_test_f1: 60.47(max: 61.03)
********************************************************************************
********************************************************************************
Train 1 Epoch5, Evaluate for atepc_datasets/restaurant
APC_test_acc: 84.05(max: 85.03)  APC_test_f1: 73.76(max: 74.45)
Emotion_test_acc: 87.99(max: 89.0) Emotion_test_f1: 65.59(max: 65.59)
********************************************************************************
********************************************************************************
Train 1 Epoch5, Evaluate for atepc_datasets/restaurant
APC_test_acc: 84.69(max: 85.03)  APC_test_f1: 73.58(max: 74.45)
Emotion_test_acc: 89.0(max: 89.0) Emotion_test_f1: 60.9(max: 65.59)
********************************************************************************
********************************************************************************
Train 1 Epoch5, Evaluate for atepc_datasets/restaurant
APC_test_acc: 84.35(max: 85.03)  APC_test_f1: 73.51(max: 74.45)
Emotion_test_acc: 87.82(max: 89.0) Emotion_test_f1: 59.85(max: 65.59)
********************************************************************************
********************************************************************************
Train 1 Epoch5, Evaluate for atepc_datasets/restaurant
APC_test_acc: 84.09(max: 85.03)  APC_test_f1: 73.46(max: 74.45)
Emotion_test_acc: 87.82(max: 89.0) Emotion_test_f1: 63.68(max: 65.59)
********************************************************************************
********************************************************************************
Train 1 Epoch5, Evaluate for atepc_datasets/restaurant
APC_test_acc: 83.29(max: 85.03)  APC_test_f1: 73.21(max: 74.45)
Emotion_test_acc: 85.87(max: 89.0) Emotion_test_f1: 61.37(max: 65.59)
********************************************************************************
********************************************************************************
Train 1 Epoch5, Evaluate for atepc_datasets/restaurant
APC_test_acc: 84.35(max: 85.03)  APC_test_f1: 75.16(max: 75.16)
Emotion_test_acc: 87.23(max: 89.0) Emotion_test_f1: 63.9(max: 65.59)
********************************************************************************
********************************************************************************
Train 1 Epoch5, Evaluate for atepc_datasets/restaurant
APC_test_acc: 80.58(max: 85.03)  APC_test_f1: 73.6(max: 75.16)
Emotion_test_acc: 80.54(max: 89.0) Emotion_test_f1: 54.6(max: 65.59)
********************************************************************************
********************************************************************************
Train 1 Epoch5, Evaluate for atepc_datasets/restaurant
APC_test_acc: 84.6(max: 85.03)  APC_test_f1: 74.26(max: 75.16)
Emotion_test_acc: 88.83(max: 89.0) Emotion_test_f1: 60.79(max: 65.59)
********************************************************************************
********************************************************************************
Train 1 Epoch5, Evaluate for atepc_datasets/restaurant
APC_test_acc: 84.98(max: 85.03)  APC_test_f1: 73.7(max: 75.16)
Emotion_test_acc: 88.58(max: 89.0) Emotion_test_f1: 69.43(max: 69.43)
********************************************************************************
********************************************************************************
Train 1 Epoch5, Evaluate for atepc_datasets/restaurant
APC_test_acc: 84.26(max: 85.03)  APC_test_f1: 73.97(max: 75.16)
Emotion_test_acc: 87.82(max: 89.0) Emotion_test_f1: 66.2(max: 69.43)
********************************************************************************
max_apc_test_acc: 85.03	max_apc_test_f1: 75.16 	max_emotion_test_acc: 89.0	max_emotion_test_f1: 69.43
No.2 training process of 5
>>> dataset: restaurant
>>> output_dir: output
>>> SRD: 5
>>> learning_rate: 3e-05
>>> use_unique_bert: True
>>> use_bert_spc: False
>>> local_context_focus: cdm
>>> num_train_epochs: 5.0
>>> train_batch_size: 16
>>> dropout: 0.0
>>> max_seq_length: 80
>>> eval_batch_size: 32
>>> eval_steps: 20
>>> gradient_accumulation_steps: 1
>>> config_path: experiments.json
>>> device: cpu
>>> seed: 2
>>> bert_model: bert-base-uncased
>>> data_dir: atepc_datasets/restaurant
***** Running training *****
  Num examples = 3545
  Batch size = 16
  Num steps = 1105
################################################################################
Train 2 Epoch1
################################################################################
################################################################################
Train 2 Epoch2
################################################################################
################################################################################
Train 2 Epoch3
################################################################################
################################################################################
Train 2 Epoch4
################################################################################
********************************************************************************
Train 2 Epoch4, Evaluate for atepc_datasets/restaurant
APC_test_acc: 81.73(max: 81.73)  APC_test_f1: 69.01(max: 69.01)
Emotion_test_acc: 86.04(max: 86.04) Emotion_test_f1: 57.41(max: 57.41)
********************************************************************************
********************************************************************************
Train 2 Epoch4, Evaluate for atepc_datasets/restaurant
APC_test_acc: 81.6(max: 81.73)  APC_test_f1: 70.35(max: 70.35)
Emotion_test_acc: 86.38(max: 86.38) Emotion_test_f1: 57.61(max: 57.61)
********************************************************************************
********************************************************************************
Train 2 Epoch4, Evaluate for atepc_datasets/restaurant
APC_test_acc: 83.25(max: 83.25)  APC_test_f1: 72.95(max: 72.95)
Emotion_test_acc: 86.55(max: 86.55) Emotion_test_f1: 57.33(max: 57.61)
********************************************************************************
********************************************************************************
Train 2 Epoch4, Evaluate for atepc_datasets/restaurant
APC_test_acc: 84.09(max: 84.09)  APC_test_f1: 73.64(max: 73.64)
Emotion_test_acc: 87.31(max: 87.31) Emotion_test_f1: 58.19(max: 58.19)
********************************************************************************
********************************************************************************
Train 2 Epoch4, Evaluate for atepc_datasets/restaurant
APC_test_acc: 84.52(max: 84.52)  APC_test_f1: 74.84(max: 74.84)
Emotion_test_acc: 87.31(max: 87.31) Emotion_test_f1: 58.13(max: 58.19)
********************************************************************************
********************************************************************************
Train 2 Epoch4, Evaluate for atepc_datasets/restaurant
APC_test_acc: 84.14(max: 84.52)  APC_test_f1: 73.43(max: 74.84)
Emotion_test_acc: 87.73(max: 87.73) Emotion_test_f1: 58.57(max: 58.57)
********************************************************************************
********************************************************************************
Train 2 Epoch4, Evaluate for atepc_datasets/restaurant
APC_test_acc: 84.18(max: 84.52)  APC_test_f1: 73.32(max: 74.84)
Emotion_test_acc: 87.56(max: 87.73) Emotion_test_f1: 58.49(max: 58.57)
********************************************************************************
********************************************************************************
Train 2 Epoch4, Evaluate for atepc_datasets/restaurant
APC_test_acc: 84.22(max: 84.52)  APC_test_f1: 73.58(max: 74.84)
Emotion_test_acc: 87.82(max: 87.82) Emotion_test_f1: 59.85(max: 59.85)
********************************************************************************
********************************************************************************
Train 2 Epoch4, Evaluate for atepc_datasets/restaurant
APC_test_acc: 83.21(max: 84.52)  APC_test_f1: 71.17(max: 74.84)
Emotion_test_acc: 86.72(max: 87.82) Emotion_test_f1: 57.62(max: 59.85)
********************************************************************************
********************************************************************************
Train 2 Epoch4, Evaluate for atepc_datasets/restaurant
APC_test_acc: 84.18(max: 84.52)  APC_test_f1: 73.47(max: 74.84)
Emotion_test_acc: 87.39(max: 87.82) Emotion_test_f1: 58.24(max: 59.85)
********************************************************************************
********************************************************************************
Train 2 Epoch4, Evaluate for atepc_datasets/restaurant
APC_test_acc: 83.84(max: 84.52)  APC_test_f1: 75.16(max: 75.16)
Emotion_test_acc: 87.06(max: 87.82) Emotion_test_f1: 58.26(max: 59.85)
********************************************************************************
################################################################################
Train 2 Epoch5
################################################################################
********************************************************************************
Train 2 Epoch5, Evaluate for atepc_datasets/restaurant
APC_test_acc: 82.95(max: 84.52)  APC_test_f1: 71.34(max: 75.16)
Emotion_test_acc: 87.9(max: 87.9) Emotion_test_f1: 58.56(max: 59.85)
********************************************************************************
********************************************************************************
Train 2 Epoch5, Evaluate for atepc_datasets/restaurant
APC_test_acc: 84.09(max: 84.52)  APC_test_f1: 73.35(max: 75.16)
Emotion_test_acc: 88.24(max: 88.24) Emotion_test_f1: 62.63(max: 62.63)
********************************************************************************
********************************************************************************
Train 2 Epoch5, Evaluate for atepc_datasets/restaurant
APC_test_acc: 84.09(max: 84.52)  APC_test_f1: 73.67(max: 75.16)
Emotion_test_acc: 87.06(max: 88.24) Emotion_test_f1: 57.9(max: 62.63)
********************************************************************************
********************************************************************************
Train 2 Epoch5, Evaluate for atepc_datasets/restaurant
APC_test_acc: 83.93(max: 84.52)  APC_test_f1: 73.29(max: 75.16)
Emotion_test_acc: 87.31(max: 88.24) Emotion_test_f1: 58.1(max: 62.63)
********************************************************************************
********************************************************************************
Train 2 Epoch5, Evaluate for atepc_datasets/restaurant
APC_test_acc: 84.14(max: 84.52)  APC_test_f1: 73.54(max: 75.16)
Emotion_test_acc: 87.82(max: 88.24) Emotion_test_f1: 58.61(max: 62.63)
********************************************************************************
********************************************************************************
Train 2 Epoch5, Evaluate for atepc_datasets/restaurant
APC_test_acc: 84.73(max: 84.73)  APC_test_f1: 75.68(max: 75.68)
Emotion_test_acc: 87.23(max: 88.24) Emotion_test_f1: 59.43(max: 62.63)
********************************************************************************
********************************************************************************
Train 2 Epoch5, Evaluate for atepc_datasets/restaurant
APC_test_acc: 84.09(max: 84.73)  APC_test_f1: 74.82(max: 75.68)
Emotion_test_acc: 88.07(max: 88.24) Emotion_test_f1: 61.23(max: 62.63)
********************************************************************************
********************************************************************************
Train 2 Epoch5, Evaluate for atepc_datasets/restaurant
APC_test_acc: 82.61(max: 84.73)  APC_test_f1: 73.19(max: 75.68)
Emotion_test_acc: 84.77(max: 88.24) Emotion_test_f1: 58.8(max: 62.63)
********************************************************************************
********************************************************************************
Train 2 Epoch5, Evaluate for atepc_datasets/restaurant
APC_test_acc: 84.86(max: 84.86)  APC_test_f1: 75.07(max: 75.68)
Emotion_test_acc: 88.58(max: 88.58) Emotion_test_f1: 60.57(max: 62.63)
********************************************************************************
********************************************************************************
Train 2 Epoch5, Evaluate for atepc_datasets/restaurant
APC_test_acc: 84.69(max: 84.86)  APC_test_f1: 74.05(max: 75.68)
Emotion_test_acc: 88.24(max: 88.58) Emotion_test_f1: 62.56(max: 62.63)
********************************************************************************
********************************************************************************
Train 2 Epoch5, Evaluate for atepc_datasets/restaurant
APC_test_acc: 83.59(max: 84.86)  APC_test_f1: 74.59(max: 75.68)
Emotion_test_acc: 86.63(max: 88.58) Emotion_test_f1: 64.42(max: 64.42)
********************************************************************************
max_apc_test_acc: 85.03	max_apc_test_f1: 75.68 	max_emotion_test_acc: 89.0	max_emotion_test_f1: 69.43
No.3 training process of 5
>>> dataset: restaurant
>>> output_dir: output
>>> SRD: 5
>>> learning_rate: 3e-05
>>> use_unique_bert: True
>>> use_bert_spc: False
>>> local_context_focus: cdm
>>> num_train_epochs: 5.0
>>> train_batch_size: 16
>>> dropout: 0.0
>>> max_seq_length: 80
>>> eval_batch_size: 32
>>> eval_steps: 20
>>> gradient_accumulation_steps: 1
>>> config_path: experiments.json
>>> device: cpu
>>> seed: 3
>>> bert_model: bert-base-uncased
>>> data_dir: atepc_datasets/restaurant
***** Running training *****
  Num examples = 3545
  Batch size = 16
  Num steps = 1105
################################################################################
Train 3 Epoch1
################################################################################
################################################################################
Train 3 Epoch2
################################################################################
################################################################################
Train 3 Epoch3
################################################################################
################################################################################
Train 3 Epoch4
################################################################################
********************************************************************************
Train 3 Epoch4, Evaluate for atepc_datasets/restaurant
APC_test_acc: 82.66(max: 82.66)  APC_test_f1: 70.28(max: 70.28)
Emotion_test_acc: 87.06(max: 87.06) Emotion_test_f1: 57.95(max: 57.95)
********************************************************************************
********************************************************************************
Train 3 Epoch4, Evaluate for atepc_datasets/restaurant
APC_test_acc: 83.59(max: 83.59)  APC_test_f1: 72.72(max: 72.72)
Emotion_test_acc: 86.89(max: 87.06) Emotion_test_f1: 57.95(max: 57.95)
********************************************************************************
********************************************************************************
Train 3 Epoch4, Evaluate for atepc_datasets/restaurant
APC_test_acc: 83.16(max: 83.59)  APC_test_f1: 71.14(max: 72.72)
Emotion_test_acc: 87.23(max: 87.23) Emotion_test_f1: 58.1(max: 58.1)
********************************************************************************
********************************************************************************
Train 3 Epoch4, Evaluate for atepc_datasets/restaurant
APC_test_acc: 84.05(max: 84.05)  APC_test_f1: 72.93(max: 72.93)
Emotion_test_acc: 87.9(max: 87.9) Emotion_test_f1: 58.74(max: 58.74)
********************************************************************************
********************************************************************************
Train 3 Epoch4, Evaluate for atepc_datasets/restaurant
APC_test_acc: 84.01(max: 84.05)  APC_test_f1: 73.6(max: 73.6)
Emotion_test_acc: 87.73(max: 87.9) Emotion_test_f1: 58.68(max: 58.74)
********************************************************************************
********************************************************************************
Train 3 Epoch4, Evaluate for atepc_datasets/restaurant
APC_test_acc: 84.52(max: 84.52)  APC_test_f1: 74.16(max: 74.16)
Emotion_test_acc: 88.41(max: 88.41) Emotion_test_f1: 58.98(max: 58.98)
********************************************************************************
********************************************************************************
Train 3 Epoch4, Evaluate for atepc_datasets/restaurant
APC_test_acc: 84.43(max: 84.52)  APC_test_f1: 73.27(max: 74.16)
Emotion_test_acc: 88.32(max: 88.41) Emotion_test_f1: 58.88(max: 58.98)
********************************************************************************
********************************************************************************
Train 3 Epoch4, Evaluate for atepc_datasets/restaurant
APC_test_acc: 83.76(max: 84.52)  APC_test_f1: 72.21(max: 74.16)
Emotion_test_acc: 87.73(max: 88.41) Emotion_test_f1: 58.34(max: 58.98)
********************************************************************************
********************************************************************************
Train 3 Epoch4, Evaluate for atepc_datasets/restaurant
APC_test_acc: 84.48(max: 84.52)  APC_test_f1: 74.48(max: 74.48)
Emotion_test_acc: 87.48(max: 88.41) Emotion_test_f1: 58.33(max: 58.98)
********************************************************************************
********************************************************************************
Train 3 Epoch4, Evaluate for atepc_datasets/restaurant
APC_test_acc: 84.98(max: 84.98)  APC_test_f1: 74.57(max: 74.57)
Emotion_test_acc: 88.16(max: 88.41) Emotion_test_f1: 58.87(max: 58.98)
********************************************************************************
********************************************************************************
Train 3 Epoch4, Evaluate for atepc_datasets/restaurant
APC_test_acc: 83.8(max: 84.98)  APC_test_f1: 73.83(max: 74.57)
Emotion_test_acc: 86.72(max: 88.41) Emotion_test_f1: 57.99(max: 58.98)
********************************************************************************
################################################################################
Train 3 Epoch5
################################################################################
********************************************************************************
Train 3 Epoch5, Evaluate for atepc_datasets/restaurant
APC_test_acc: 83.71(max: 84.98)  APC_test_f1: 71.17(max: 74.57)
Emotion_test_acc: 88.49(max: 88.49) Emotion_test_f1: 59.05(max: 59.05)
********************************************************************************
********************************************************************************
Train 3 Epoch5, Evaluate for atepc_datasets/restaurant
APC_test_acc: 84.35(max: 84.98)  APC_test_f1: 73.44(max: 74.57)
Emotion_test_acc: 87.9(max: 88.49) Emotion_test_f1: 59.82(max: 59.82)
********************************************************************************
********************************************************************************
Train 3 Epoch5, Evaluate for atepc_datasets/restaurant
APC_test_acc: 84.09(max: 84.98)  APC_test_f1: 74.1(max: 74.57)
Emotion_test_acc: 88.41(max: 88.49) Emotion_test_f1: 59.03(max: 59.82)
********************************************************************************
********************************************************************************
Train 3 Epoch5, Evaluate for atepc_datasets/restaurant
APC_test_acc: 84.22(max: 84.98)  APC_test_f1: 74.04(max: 74.57)
Emotion_test_acc: 87.9(max: 88.49) Emotion_test_f1: 58.71(max: 59.82)
********************************************************************************
********************************************************************************
Train 3 Epoch5, Evaluate for atepc_datasets/restaurant
APC_test_acc: 84.26(max: 84.98)  APC_test_f1: 73.59(max: 74.57)
Emotion_test_acc: 87.99(max: 88.49) Emotion_test_f1: 58.73(max: 59.82)
********************************************************************************
********************************************************************************
Train 3 Epoch5, Evaluate for atepc_datasets/restaurant
APC_test_acc: 84.64(max: 84.98)  APC_test_f1: 73.97(max: 74.57)
Emotion_test_acc: 88.07(max: 88.49) Emotion_test_f1: 60.15(max: 60.15)
********************************************************************************
********************************************************************************
Train 3 Epoch5, Evaluate for atepc_datasets/restaurant
APC_test_acc: 83.93(max: 84.98)  APC_test_f1: 73.5(max: 74.57)
Emotion_test_acc: 87.31(max: 88.49) Emotion_test_f1: 58.18(max: 60.15)
********************************************************************************
********************************************************************************
Train 3 Epoch5, Evaluate for atepc_datasets/restaurant
APC_test_acc: 83.8(max: 84.98)  APC_test_f1: 73.54(max: 74.57)
Emotion_test_acc: 87.06(max: 88.49) Emotion_test_f1: 58.1(max: 60.15)
********************************************************************************
********************************************************************************
Train 3 Epoch5, Evaluate for atepc_datasets/restaurant
APC_test_acc: 85.15(max: 85.15)  APC_test_f1: 75.36(max: 75.36)
Emotion_test_acc: 88.49(max: 88.49) Emotion_test_f1: 59.14(max: 60.15)
********************************************************************************
********************************************************************************
Train 3 Epoch5, Evaluate for atepc_datasets/restaurant
APC_test_acc: 85.03(max: 85.15)  APC_test_f1: 74.14(max: 75.36)
Emotion_test_acc: 88.58(max: 88.58) Emotion_test_f1: 62.93(max: 62.93)
********************************************************************************
********************************************************************************
Train 3 Epoch5, Evaluate for atepc_datasets/restaurant
APC_test_acc: 81.81(max: 85.15)  APC_test_f1: 72.27(max: 75.36)
Emotion_test_acc: 85.28(max: 88.58) Emotion_test_f1: 57.21(max: 62.93)
********************************************************************************
max_apc_test_acc: 85.15	max_apc_test_f1: 75.68 	max_emotion_test_acc: 89.0	max_emotion_test_f1: 69.43
No.4 training process of 5
>>> dataset: restaurant
>>> output_dir: output
>>> SRD: 5
>>> learning_rate: 3e-05
>>> use_unique_bert: True
>>> use_bert_spc: False
>>> local_context_focus: cdm
>>> num_train_epochs: 5.0
>>> train_batch_size: 16
>>> dropout: 0.0
>>> max_seq_length: 80
>>> eval_batch_size: 32
>>> eval_steps: 20
>>> gradient_accumulation_steps: 1
>>> config_path: experiments.json
>>> device: cpu
>>> seed: 4
>>> bert_model: bert-base-uncased
>>> data_dir: atepc_datasets/restaurant
***** Running training *****
  Num examples = 3545
  Batch size = 16
  Num steps = 1105
################################################################################
Train 4 Epoch1
################################################################################
################################################################################
Train 4 Epoch2
################################################################################
